{"/Users/a1/Desktop/41568-what-to-watch-4/src/history.js": {"path":"/Users/a1/Desktop/41568-what-to-watch-4/src/history.js","statementMap":{"0":{"start":{"line":3,"column":16},"end":{"line":3,"column":38}}},"fnMap":{},"branchMap":{},"s":{"0":4},"f":{},"b":{},"_coverageSchema":"1a1c01bbd47fc00a2c39e90264f33305004495a9","hash":"85da5c8c71d1e673ac9a1e3c7de5706c01d4738a"}
,"/Users/a1/Desktop/41568-what-to-watch-4/src/adapters/movies.js": {"path":"/Users/a1/Desktop/41568-what-to-watch-4/src/adapters/movies.js","statementMap":{"0":{"start":{"line":1,"column":28},"end":{"line":24,"column":1}},"1":{"start":{"line":2,"column":2},"end":{"line":23,"column":4}},"2":{"start":{"line":26,"column":29},"end":{"line":28,"column":1}},"3":{"start":{"line":27,"column":2},"end":{"line":27,"column":43}}},"fnMap":{"0":{"name":"(anonymous_0)","decl":{"start":{"line":1,"column":28},"end":{"line":1,"column":29}},"loc":{"start":{"line":1,"column":43},"end":{"line":24,"column":1}},"line":1},"1":{"name":"(anonymous_1)","decl":{"start":{"line":26,"column":29},"end":{"line":26,"column":30}},"loc":{"start":{"line":26,"column":50},"end":{"line":28,"column":1}},"line":26}},"branchMap":{},"s":{"0":7,"1":18,"2":7,"3":10},"f":{"0":18,"1":10},"b":{},"_coverageSchema":"1a1c01bbd47fc00a2c39e90264f33305004495a9","hash":"3659f68f709b2e5dc963ebeb4604e19e057aa7c8"}
,"/Users/a1/Desktop/41568-what-to-watch-4/src/adapters/user.js": {"path":"/Users/a1/Desktop/41568-what-to-watch-4/src/adapters/user.js","statementMap":{"0":{"start":{"line":1,"column":27},"end":{"line":5,"column":1}},"1":{"start":{"line":2,"column":2},"end":{"line":4,"column":4}}},"fnMap":{"0":{"name":"(anonymous_0)","decl":{"start":{"line":1,"column":27},"end":{"line":1,"column":28}},"loc":{"start":{"line":1,"column":37},"end":{"line":5,"column":1}},"line":1}},"branchMap":{},"s":{"0":12,"1":2},"f":{"0":2},"b":{},"_coverageSchema":"1a1c01bbd47fc00a2c39e90264f33305004495a9","hash":"a60da77c7cb3e6737c16be0ea626bb0830ca06fc"}
,"/Users/a1/Desktop/41568-what-to-watch-4/src/api/api.js": {"path":"/Users/a1/Desktop/41568-what-to-watch-4/src/api/api.js","statementMap":{"0":{"start":{"line":4,"column":25},"end":{"line":4,"column":29}},"1":{"start":{"line":6,"column":19},"end":{"line":8,"column":1}},"2":{"start":{"line":10,"column":25},"end":{"line":34,"column":1}},"3":{"start":{"line":11,"column":14},"end":{"line":15,"column":4}},"4":{"start":{"line":17,"column":20},"end":{"line":19,"column":3}},"5":{"start":{"line":18,"column":4},"end":{"line":18,"column":20}},"6":{"start":{"line":21,"column":18},"end":{"line":29,"column":3}},"7":{"start":{"line":22,"column":23},"end":{"line":22,"column":28}},"8":{"start":{"line":24,"column":4},"end":{"line":26,"column":5}},"9":{"start":{"line":25,"column":6},"end":{"line":25,"column":28}},"10":{"start":{"line":28,"column":4},"end":{"line":28,"column":16}},"11":{"start":{"line":31,"column":2},"end":{"line":31,"column":52}},"12":{"start":{"line":33,"column":2},"end":{"line":33,"column":13}}},"fnMap":{"0":{"name":"(anonymous_0)","decl":{"start":{"line":10,"column":25},"end":{"line":10,"column":26}},"loc":{"start":{"line":10,"column":45},"end":{"line":34,"column":1}},"line":10},"1":{"name":"(anonymous_1)","decl":{"start":{"line":17,"column":20},"end":{"line":17,"column":21}},"loc":{"start":{"line":17,"column":34},"end":{"line":19,"column":3}},"line":17},"2":{"name":"(anonymous_2)","decl":{"start":{"line":21,"column":18},"end":{"line":21,"column":19}},"loc":{"start":{"line":21,"column":29},"end":{"line":29,"column":3}},"line":21}},"branchMap":{"0":{"loc":{"start":{"line":24,"column":4},"end":{"line":26,"column":5}},"type":"if","locations":[{"start":{"line":24,"column":4},"end":{"line":26,"column":5}},{"start":{"line":24,"column":4},"end":{"line":26,"column":5}}],"line":24}},"s":{"0":3,"1":3,"2":3,"3":3,"4":3,"5":8,"6":3,"7":1,"8":1,"9":0,"10":1,"11":3,"12":3},"f":{"0":3,"1":8,"2":1},"b":{"0":[0,1]},"_coverageSchema":"1a1c01bbd47fc00a2c39e90264f33305004495a9","hash":"ec1c9cf6d966907ebbce6b74efefd870c7c211c6"}
,"/Users/a1/Desktop/41568-what-to-watch-4/src/components/add-review/add-review.jsx": {"path":"/Users/a1/Desktop/41568-what-to-watch-4/src/components/add-review/add-review.jsx","statementMap":{"0":{"start":{"line":10,"column":4},"end":{"line":10,"column":17}},"1":{"start":{"line":14,"column":24},"end":{"line":14,"column":34}},"2":{"start":{"line":16,"column":4},"end":{"line":18,"column":6}},"3":{"start":{"line":22,"column":106},"end":{"line":22,"column":116}},"4":{"start":{"line":23,"column":29},"end":{"line":23,"column":133}},"5":{"start":{"line":25,"column":4},"end":{"line":149,"column":6}},"6":{"start":{"line":153,"column":0},"end":{"line":167,"column":2}}},"fnMap":{"0":{"name":"(anonymous_0)","decl":{"start":{"line":9,"column":2},"end":{"line":9,"column":3}},"loc":{"start":{"line":9,"column":21},"end":{"line":11,"column":3}},"line":9},"1":{"name":"(anonymous_1)","decl":{"start":{"line":13,"column":2},"end":{"line":13,"column":3}},"loc":{"start":{"line":13,"column":23},"end":{"line":19,"column":3}},"line":13},"2":{"name":"(anonymous_2)","decl":{"start":{"line":21,"column":2},"end":{"line":21,"column":3}},"loc":{"start":{"line":21,"column":11},"end":{"line":150,"column":3}},"line":21}},"branchMap":{"0":{"loc":{"start":{"line":23,"column":29},"end":{"line":23,"column":133}},"type":"binary-expr","locations":[{"start":{"line":23,"column":29},"end":{"line":23,"column":38}},{"start":{"line":23,"column":43},"end":{"line":23,"column":77}},{"start":{"line":23,"column":81},"end":{"line":23,"column":116}},{"start":{"line":23,"column":120},"end":{"line":23,"column":132}}],"line":23},"1":{"loc":{"start":{"line":71,"column":13},"end":{"line":71,"column":55}},"type":"cond-expr","locations":[{"start":{"line":71,"column":25},"end":{"line":71,"column":50}},{"start":{"line":71,"column":53},"end":{"line":71,"column":55}}],"line":71}},"s":{"0":4,"1":4,"2":4,"3":4,"4":4,"5":4,"6":3},"f":{"0":4,"1":4,"2":4},"b":{"0":[4,1,0,0],"1":[4,0]},"_coverageSchema":"1a1c01bbd47fc00a2c39e90264f33305004495a9","hash":"7ab0d2d76c909de06830f52cc75e37af8bcaf3b9"}
,"/Users/a1/Desktop/41568-what-to-watch-4/src/components/app/app.jsx": {"path":"/Users/a1/Desktop/41568-what-to-watch-4/src/components/app/app.jsx","statementMap":{"0":{"start":{"line":20,"column":31},"end":{"line":20,"column":67}},"1":{"start":{"line":21,"column":25},"end":{"line":21,"column":49}},"2":{"start":{"line":23,"column":12},"end":{"line":42,"column":1}},"3":{"start":{"line":24,"column":2},"end":{"line":26,"column":3}},"4":{"start":{"line":25,"column":4},"end":{"line":25,"column":53}},"5":{"start":{"line":28,"column":2},"end":{"line":41,"column":4}},"6":{"start":{"line":44,"column":24},"end":{"line":48,"column":1}},"7":{"start":{"line":45,"column":2},"end":{"line":47,"column":4}},"8":{"start":{"line":50,"column":0},"end":{"line":52,"column":2}}},"fnMap":{"0":{"name":"(anonymous_0)","decl":{"start":{"line":23,"column":12},"end":{"line":23,"column":13}},"loc":{"start":{"line":23,"column":23},"end":{"line":42,"column":1}},"line":23},"1":{"name":"(anonymous_1)","decl":{"start":{"line":44,"column":24},"end":{"line":44,"column":25}},"loc":{"start":{"line":44,"column":35},"end":{"line":48,"column":1}},"line":44}},"branchMap":{"0":{"loc":{"start":{"line":24,"column":2},"end":{"line":26,"column":3}},"type":"if","locations":[{"start":{"line":24,"column":2},"end":{"line":26,"column":3}},{"start":{"line":24,"column":2},"end":{"line":26,"column":3}}],"line":24},"1":{"loc":{"start":{"line":46,"column":14},"end":{"line":46,"column":101}},"type":"binary-expr","locations":[{"start":{"line":46,"column":14},"end":{"line":46,"column":42}},{"start":{"line":46,"column":46},"end":{"line":46,"column":70}},{"start":{"line":46,"column":74},"end":{"line":46,"column":101}}],"line":46}},"s":{"0":1,"1":1,"2":1,"3":1,"4":0,"5":1,"6":1,"7":0,"8":1},"f":{"0":1,"1":0},"b":{"0":[0,1],"1":[0,0,0]},"_coverageSchema":"1a1c01bbd47fc00a2c39e90264f33305004495a9","hash":"926424c10b04b4310e270266f14e2f5b86724ab7"}
,"/Users/a1/Desktop/41568-what-to-watch-4/src/components/genres-list/genres-list.jsx": {"path":"/Users/a1/Desktop/41568-what-to-watch-4/src/components/genres-list/genres-list.jsx","statementMap":{"0":{"start":{"line":5,"column":19},"end":{"line":20,"column":1}},"1":{"start":{"line":6,"column":56},"end":{"line":6,"column":61}},"2":{"start":{"line":8,"column":2},"end":{"line":19,"column":4}},"3":{"start":{"line":11,"column":8},"end":{"line":16,"column":10}},"4":{"start":{"line":22,"column":0},"end":{"line":26,"column":2}}},"fnMap":{"0":{"name":"(anonymous_0)","decl":{"start":{"line":5,"column":19},"end":{"line":5,"column":20}},"loc":{"start":{"line":5,"column":30},"end":{"line":20,"column":1}},"line":5},"1":{"name":"(anonymous_1)","decl":{"start":{"line":10,"column":22},"end":{"line":10,"column":23}},"loc":{"start":{"line":11,"column":8},"end":{"line":16,"column":10}},"line":11}},"branchMap":{},"s":{"0":4,"1":3,"2":3,"3":9,"4":4},"f":{"0":3,"1":9},"b":{},"_coverageSchema":"1a1c01bbd47fc00a2c39e90264f33305004495a9","hash":"f523f8f7d42f04d35c35578b8784814a79210859"}
,"/Users/a1/Desktop/41568-what-to-watch-4/src/components/genres-list-item/genres-list-item.jsx": {"path":"/Users/a1/Desktop/41568-what-to-watch-4/src/components/genres-list-item/genres-list-item.jsx","statementMap":{"0":{"start":{"line":4,"column":23},"end":{"line":26,"column":1}},"1":{"start":{"line":5,"column":47},"end":{"line":5,"column":52}},"2":{"start":{"line":7,"column":22},"end":{"line":10,"column":3}},"3":{"start":{"line":8,"column":4},"end":{"line":8,"column":27}},"4":{"start":{"line":9,"column":4},"end":{"line":9,"column":29}},"5":{"start":{"line":12,"column":2},"end":{"line":25,"column":4}},"6":{"start":{"line":28,"column":0},"end":{"line":32,"column":2}}},"fnMap":{"0":{"name":"(anonymous_0)","decl":{"start":{"line":4,"column":23},"end":{"line":4,"column":24}},"loc":{"start":{"line":4,"column":34},"end":{"line":26,"column":1}},"line":4},"1":{"name":"(anonymous_1)","decl":{"start":{"line":7,"column":22},"end":{"line":7,"column":23}},"loc":{"start":{"line":7,"column":33},"end":{"line":10,"column":3}},"line":7}},"branchMap":{"0":{"loc":{"start":{"line":15,"column":17},"end":{"line":15,"column":104}},"type":"cond-expr","locations":[{"start":{"line":15,"column":28},"end":{"line":15,"column":79}},{"start":{"line":15,"column":82},"end":{"line":15,"column":104}}],"line":15}},"s":{"0":6,"1":11,"2":11,"3":1,"4":1,"5":11,"6":6},"f":{"0":11,"1":1},"b":{"0":[3,8]},"_coverageSchema":"1a1c01bbd47fc00a2c39e90264f33305004495a9","hash":"b523c13061058899ba87ec71a98cbbdcaab7579b"}
,"/Users/a1/Desktop/41568-what-to-watch-4/src/components/main/main.jsx": {"path":"/Users/a1/Desktop/41568-what-to-watch-4/src/components/main/main.jsx","statementMap":{"0":{"start":{"line":19,"column":34},"end":{"line":19,"column":68}},"1":{"start":{"line":23,"column":4},"end":{"line":23,"column":17}},"2":{"start":{"line":25,"column":4},"end":{"line":25,"column":63}},"3":{"start":{"line":26,"column":4},"end":{"line":26,"column":79}},"4":{"start":{"line":27,"column":4},"end":{"line":27,"column":73}},"5":{"start":{"line":28,"column":4},"end":{"line":28,"column":49}},"6":{"start":{"line":29,"column":4},"end":{"line":29,"column":73}},"7":{"start":{"line":33,"column":4},"end":{"line":33,"column":61}},"8":{"start":{"line":37,"column":4},"end":{"line":37,"column":44}},"9":{"start":{"line":41,"column":56},"end":{"line":41,"column":66}},"10":{"start":{"line":43,"column":4},"end":{"line":43,"column":29}},"11":{"start":{"line":44,"column":4},"end":{"line":44,"column":29}},"12":{"start":{"line":48,"column":52},"end":{"line":48,"column":62}},"13":{"start":{"line":49,"column":4},"end":{"line":49,"column":40}},"14":{"start":{"line":53,"column":4},"end":{"line":53,"column":78}},"15":{"start":{"line":57,"column":84},"end":{"line":57,"column":94}},"16":{"start":{"line":59,"column":4},"end":{"line":150,"column":6}},"17":{"start":{"line":154,"column":0},"end":{"line":177,"column":2}},"18":{"start":{"line":179,"column":24},"end":{"line":195,"column":1}},"19":{"start":{"line":180,"column":23},"end":{"line":180,"column":45}},"20":{"start":{"line":181,"column":26},"end":{"line":181,"column":51}},"21":{"start":{"line":182,"column":21},"end":{"line":182,"column":41}},"22":{"start":{"line":183,"column":24},"end":{"line":183,"column":47}},"23":{"start":{"line":184,"column":17},"end":{"line":184,"column":36}},"24":{"start":{"line":185,"column":30},"end":{"line":185,"column":69}},"25":{"start":{"line":186,"column":25},"end":{"line":186,"column":63}},"26":{"start":{"line":188,"column":2},"end":{"line":194,"column":4}},"27":{"start":{"line":197,"column":27},"end":{"line":202,"column":1}}},"fnMap":{"0":{"name":"(anonymous_0)","decl":{"start":{"line":22,"column":2},"end":{"line":22,"column":3}},"loc":{"start":{"line":22,"column":21},"end":{"line":30,"column":3}},"line":22},"1":{"name":"(anonymous_1)","decl":{"start":{"line":32,"column":2},"end":{"line":32,"column":3}},"loc":{"start":{"line":32,"column":27},"end":{"line":34,"column":3}},"line":32},"2":{"name":"(anonymous_2)","decl":{"start":{"line":36,"column":2},"end":{"line":36,"column":3}},"loc":{"start":{"line":36,"column":30},"end":{"line":38,"column":3}},"line":36},"3":{"name":"(anonymous_3)","decl":{"start":{"line":40,"column":2},"end":{"line":40,"column":3}},"loc":{"start":{"line":40,"column":32},"end":{"line":45,"column":3}},"line":40},"4":{"name":"(anonymous_4)","decl":{"start":{"line":47,"column":2},"end":{"line":47,"column":3}},"loc":{"start":{"line":47,"column":37},"end":{"line":50,"column":3}},"line":47},"5":{"name":"(anonymous_5)","decl":{"start":{"line":52,"column":2},"end":{"line":52,"column":3}},"loc":{"start":{"line":52,"column":15},"end":{"line":54,"column":3}},"line":52},"6":{"name":"(anonymous_6)","decl":{"start":{"line":56,"column":2},"end":{"line":56,"column":3}},"loc":{"start":{"line":56,"column":11},"end":{"line":151,"column":3}},"line":56},"7":{"name":"(anonymous_7)","decl":{"start":{"line":179,"column":24},"end":{"line":179,"column":25}},"loc":{"start":{"line":179,"column":35},"end":{"line":195,"column":1}},"line":179}},"branchMap":{"0":{"loc":{"start":{"line":129,"column":13},"end":{"line":132,"column":21}},"type":"cond-expr","locations":[{"start":{"line":130,"column":14},"end":{"line":132,"column":16}},{"start":{"line":132,"column":19},"end":{"line":132,"column":21}}],"line":129}},"s":{"0":3,"1":3,"2":3,"3":3,"4":3,"5":3,"6":3,"7":0,"8":0,"9":0,"10":0,"11":0,"12":0,"13":0,"14":1,"15":3,"16":3,"17":3,"18":3,"19":1,"20":1,"21":1,"22":1,"23":1,"24":1,"25":1,"26":1,"27":3},"f":{"0":3,"1":0,"2":0,"3":0,"4":0,"5":1,"6":3,"7":1},"b":{"0":[0,3]},"_coverageSchema":"1a1c01bbd47fc00a2c39e90264f33305004495a9","hash":"946b2fbe0723cb2b21b79865f32da4c64d7ee9b9"}
,"/Users/a1/Desktop/41568-what-to-watch-4/src/components/movie-card-description/movie-card-description.jsx": {"path":"/Users/a1/Desktop/41568-what-to-watch-4/src/components/movie-card-description/movie-card-description.jsx","statementMap":{"0":{"start":{"line":12,"column":4},"end":{"line":12,"column":17}},"1":{"start":{"line":16,"column":4},"end":{"line":30,"column":5}},"2":{"start":{"line":18,"column":8},"end":{"line":20,"column":11}},"3":{"start":{"line":22,"column":8},"end":{"line":25,"column":11}},"4":{"start":{"line":27,"column":8},"end":{"line":29,"column":11}},"5":{"start":{"line":34,"column":42},"end":{"line":34,"column":52}},"6":{"start":{"line":36,"column":4},"end":{"line":52,"column":6}},"7":{"start":{"line":41,"column":14},"end":{"line":46,"column":16}},"8":{"start":{"line":56,"column":0},"end":{"line":77,"column":2}}},"fnMap":{"0":{"name":"(anonymous_0)","decl":{"start":{"line":11,"column":2},"end":{"line":11,"column":3}},"loc":{"start":{"line":11,"column":21},"end":{"line":13,"column":3}},"line":11},"1":{"name":"(anonymous_1)","decl":{"start":{"line":15,"column":2},"end":{"line":15,"column":3}},"loc":{"start":{"line":15,"column":29},"end":{"line":31,"column":3}},"line":15},"2":{"name":"(anonymous_2)","decl":{"start":{"line":33,"column":2},"end":{"line":33,"column":3}},"loc":{"start":{"line":33,"column":11},"end":{"line":53,"column":3}},"line":33},"3":{"name":"(anonymous_3)","decl":{"start":{"line":40,"column":30},"end":{"line":40,"column":31}},"loc":{"start":{"line":41,"column":14},"end":{"line":46,"column":16}},"line":41}},"branchMap":{"0":{"loc":{"start":{"line":16,"column":4},"end":{"line":30,"column":5}},"type":"switch","locations":[{"start":{"line":17,"column":6},"end":{"line":20,"column":11}},{"start":{"line":21,"column":6},"end":{"line":25,"column":11}},{"start":{"line":26,"column":6},"end":{"line":29,"column":11}}],"line":16}},"s":{"0":2,"1":2,"2":0,"3":0,"4":2,"5":2,"6":2,"7":6,"8":4},"f":{"0":2,"1":2,"2":2,"3":6},"b":{"0":[0,0,2]},"_coverageSchema":"1a1c01bbd47fc00a2c39e90264f33305004495a9","hash":"5a6878c6ce7f1d6b7f0a0513167cddb53ad91ddf"}
,"/Users/a1/Desktop/41568-what-to-watch-4/src/components/movie-card-navigation-item/movie-card-navigation-item.jsx": {"path":"/Users/a1/Desktop/41568-what-to-watch-4/src/components/movie-card-navigation-item/movie-card-navigation-item.jsx","statementMap":{"0":{"start":{"line":4,"column":32},"end":{"line":21,"column":1}},"1":{"start":{"line":5,"column":48},"end":{"line":5,"column":53}},"2":{"start":{"line":7,"column":33},"end":{"line":10,"column":3}},"3":{"start":{"line":8,"column":4},"end":{"line":8,"column":27}},"4":{"start":{"line":9,"column":4},"end":{"line":9,"column":30}},"5":{"start":{"line":12,"column":2},"end":{"line":20,"column":4}},"6":{"start":{"line":23,"column":0},"end":{"line":27,"column":2}}},"fnMap":{"0":{"name":"(anonymous_0)","decl":{"start":{"line":4,"column":32},"end":{"line":4,"column":33}},"loc":{"start":{"line":4,"column":43},"end":{"line":21,"column":1}},"line":4},"1":{"name":"(anonymous_1)","decl":{"start":{"line":7,"column":33},"end":{"line":7,"column":34}},"loc":{"start":{"line":7,"column":44},"end":{"line":10,"column":3}},"line":7}},"branchMap":{"0":{"loc":{"start":{"line":16,"column":17},"end":{"line":16,"column":89}},"type":"cond-expr","locations":[{"start":{"line":16,"column":28},"end":{"line":16,"column":69}},{"start":{"line":16,"column":72},"end":{"line":16,"column":89}}],"line":16}},"s":{"0":6,"1":8,"2":8,"3":1,"4":1,"5":8,"6":6},"f":{"0":8,"1":1},"b":{"0":[4,4]},"_coverageSchema":"1a1c01bbd47fc00a2c39e90264f33305004495a9","hash":"3d4ef2c7d88c167b4cb973271950c60337841b1d"}
,"/Users/a1/Desktop/41568-what-to-watch-4/src/components/movie-page/movie-page.jsx": {"path":"/Users/a1/Desktop/41568-what-to-watch-4/src/components/movie-page/movie-page.jsx","statementMap":{"0":{"start":{"line":17,"column":34},"end":{"line":17,"column":68}},"1":{"start":{"line":18,"column":36},"end":{"line":18,"column":89}},"2":{"start":{"line":22,"column":4},"end":{"line":22,"column":17}},"3":{"start":{"line":24,"column":4},"end":{"line":24,"column":49}},"4":{"start":{"line":25,"column":4},"end":{"line":25,"column":73}},"5":{"start":{"line":26,"column":4},"end":{"line":26,"column":61}},"6":{"start":{"line":30,"column":4},"end":{"line":30,"column":51}},"7":{"start":{"line":34,"column":4},"end":{"line":34,"column":73}},"8":{"start":{"line":38,"column":47},"end":{"line":38,"column":57}},"9":{"start":{"line":39,"column":4},"end":{"line":39,"column":40}},"10":{"start":{"line":43,"column":4},"end":{"line":43,"column":61}},"11":{"start":{"line":47,"column":46},"end":{"line":47,"column":56}},"12":{"start":{"line":48,"column":77},"end":{"line":48,"column":82}},"13":{"start":{"line":50,"column":4},"end":{"line":147,"column":6}},"14":{"start":{"line":151,"column":0},"end":{"line":177,"column":2}},"15":{"start":{"line":179,"column":24},"end":{"line":198,"column":1}},"16":{"start":{"line":180,"column":17},"end":{"line":180,"column":33}},"17":{"start":{"line":181,"column":18},"end":{"line":181,"column":39}},"18":{"start":{"line":182,"column":16},"end":{"line":182,"column":44}},"19":{"start":{"line":183,"column":19},"end":{"line":183,"column":37}},"20":{"start":{"line":185,"column":24},"end":{"line":191,"column":4}},"21":{"start":{"line":186,"column":4},"end":{"line":188,"column":5}},"22":{"start":{"line":187,"column":6},"end":{"line":187,"column":45}},"23":{"start":{"line":190,"column":4},"end":{"line":190,"column":17}},"24":{"start":{"line":193,"column":2},"end":{"line":197,"column":4}},"25":{"start":{"line":200,"column":27},"end":{"line":203,"column":1}}},"fnMap":{"0":{"name":"(anonymous_0)","decl":{"start":{"line":21,"column":2},"end":{"line":21,"column":3}},"loc":{"start":{"line":21,"column":21},"end":{"line":27,"column":3}},"line":21},"1":{"name":"(anonymous_1)","decl":{"start":{"line":29,"column":2},"end":{"line":29,"column":3}},"loc":{"start":{"line":29,"column":22},"end":{"line":31,"column":3}},"line":29},"2":{"name":"(anonymous_2)","decl":{"start":{"line":33,"column":2},"end":{"line":33,"column":3}},"loc":{"start":{"line":33,"column":15},"end":{"line":35,"column":3}},"line":33},"3":{"name":"(anonymous_3)","decl":{"start":{"line":37,"column":2},"end":{"line":37,"column":3}},"loc":{"start":{"line":37,"column":37},"end":{"line":40,"column":3}},"line":37},"4":{"name":"(anonymous_4)","decl":{"start":{"line":42,"column":2},"end":{"line":42,"column":3}},"loc":{"start":{"line":42,"column":26},"end":{"line":44,"column":3}},"line":42},"5":{"name":"(anonymous_5)","decl":{"start":{"line":46,"column":2},"end":{"line":46,"column":3}},"loc":{"start":{"line":46,"column":11},"end":{"line":148,"column":3}},"line":46},"6":{"name":"(anonymous_6)","decl":{"start":{"line":179,"column":24},"end":{"line":179,"column":25}},"loc":{"start":{"line":179,"column":42},"end":{"line":198,"column":1}},"line":179},"7":{"name":"(anonymous_7)","decl":{"start":{"line":185,"column":38},"end":{"line":185,"column":39}},"loc":{"start":{"line":185,"column":53},"end":{"line":191,"column":3}},"line":185}},"branchMap":{"0":{"loc":{"start":{"line":186,"column":4},"end":{"line":188,"column":5}},"type":"if","locations":[{"start":{"line":186,"column":4},"end":{"line":188,"column":5}},{"start":{"line":186,"column":4},"end":{"line":188,"column":5}}],"line":186}},"s":{"0":3,"1":3,"2":2,"3":2,"4":2,"5":2,"6":2,"7":1,"8":0,"9":0,"10":0,"11":2,"12":2,"13":2,"14":3,"15":3,"16":0,"17":0,"18":0,"19":0,"20":0,"21":0,"22":0,"23":0,"24":0,"25":3},"f":{"0":2,"1":2,"2":1,"3":0,"4":0,"5":2,"6":0,"7":0},"b":{"0":[0,0]},"_coverageSchema":"1a1c01bbd47fc00a2c39e90264f33305004495a9","hash":"e1a28f3d52db3c75bda4f36ced5a0304f12bb9fd"}
,"/Users/a1/Desktop/41568-what-to-watch-4/src/components/movie-page-details/movie-page-details.jsx": {"path":"/Users/a1/Desktop/41568-what-to-watch-4/src/components/movie-page-details/movie-page-details.jsx","statementMap":{"0":{"start":{"line":6,"column":25},"end":{"line":44,"column":1}},"1":{"start":{"line":7,"column":18},"end":{"line":7,"column":23}},"2":{"start":{"line":8,"column":43},"end":{"line":8,"column":48}},"3":{"start":{"line":9,"column":29},"end":{"line":9,"column":33}},"4":{"start":{"line":11,"column":21},"end":{"line":11,"column":38}},"5":{"start":{"line":13,"column":2},"end":{"line":43,"column":4}},"6":{"start":{"line":46,"column":0},"end":{"line":56,"column":2}}},"fnMap":{"0":{"name":"(anonymous_0)","decl":{"start":{"line":6,"column":25},"end":{"line":6,"column":26}},"loc":{"start":{"line":6,"column":36},"end":{"line":44,"column":1}},"line":6}},"branchMap":{},"s":{"0":5,"1":1,"2":1,"3":1,"4":1,"5":1,"6":5},"f":{"0":1},"b":{},"_coverageSchema":"1a1c01bbd47fc00a2c39e90264f33305004495a9","hash":"74f9df163b38da9178486d4e1ef782beb339828a"}
,"/Users/a1/Desktop/41568-what-to-watch-4/src/components/movie-page-overview/movie-page-overview.jsx": {"path":"/Users/a1/Desktop/41568-what-to-watch-4/src/components/movie-page-overview/movie-page-overview.jsx","statementMap":{"0":{"start":{"line":5,"column":26},"end":{"line":32,"column":1}},"1":{"start":{"line":6,"column":18},"end":{"line":6,"column":23}},"2":{"start":{"line":7,"column":38},"end":{"line":7,"column":43}},"3":{"start":{"line":8,"column":29},"end":{"line":8,"column":33}},"4":{"start":{"line":9,"column":26},"end":{"line":9,"column":32}},"5":{"start":{"line":11,"column":21},"end":{"line":11,"column":41}},"6":{"start":{"line":13,"column":2},"end":{"line":31,"column":4}},"7":{"start":{"line":34,"column":0},"end":{"line":46,"column":2}}},"fnMap":{"0":{"name":"(anonymous_0)","decl":{"start":{"line":5,"column":26},"end":{"line":5,"column":27}},"loc":{"start":{"line":5,"column":37},"end":{"line":32,"column":1}},"line":5}},"branchMap":{},"s":{"0":5,"1":3,"2":3,"3":3,"4":3,"5":3,"6":3,"7":5},"f":{"0":3},"b":{},"_coverageSchema":"1a1c01bbd47fc00a2c39e90264f33305004495a9","hash":"3b0cb49bd44d11837c607a7f4d2e445b11e22c80"}
,"/Users/a1/Desktop/41568-what-to-watch-4/src/components/movie-page-review/movie-page-reviews.jsx": {"path":"/Users/a1/Desktop/41568-what-to-watch-4/src/components/movie-page-review/movie-page-reviews.jsx","statementMap":{"0":{"start":{"line":6,"column":25},"end":{"line":37,"column":1}},"1":{"start":{"line":7,"column":21},"end":{"line":7,"column":26}},"2":{"start":{"line":9,"column":2},"end":{"line":36,"column":4}},"3":{"start":{"line":14,"column":31},"end":{"line":14,"column":65}},"4":{"start":{"line":15,"column":12},"end":{"line":31,"column":14}},"5":{"start":{"line":39,"column":0},"end":{"line":49,"column":2}}},"fnMap":{"0":{"name":"(anonymous_0)","decl":{"start":{"line":6,"column":25},"end":{"line":6,"column":26}},"loc":{"start":{"line":6,"column":36},"end":{"line":37,"column":1}},"line":6},"1":{"name":"(anonymous_1)","decl":{"start":{"line":13,"column":24},"end":{"line":13,"column":25}},"loc":{"start":{"line":13,"column":37},"end":{"line":32,"column":11}},"line":13}},"branchMap":{},"s":{"0":5,"1":1,"2":1,"3":1,"4":1,"5":5},"f":{"0":1,"1":1},"b":{},"_coverageSchema":"1a1c01bbd47fc00a2c39e90264f33305004495a9","hash":"89c22467922f3af86320965b476d51f339b90271"}
,"/Users/a1/Desktop/41568-what-to-watch-4/src/components/my-list/my-list.jsx": {"path":"/Users/a1/Desktop/41568-what-to-watch-4/src/components/my-list/my-list.jsx","statementMap":{"0":{"start":{"line":13,"column":4},"end":{"line":13,"column":17}},"1":{"start":{"line":15,"column":4},"end":{"line":15,"column":63}},"2":{"start":{"line":19,"column":35},"end":{"line":19,"column":45}},"3":{"start":{"line":21,"column":4},"end":{"line":21,"column":27}},"4":{"start":{"line":25,"column":4},"end":{"line":25,"column":61}},"5":{"start":{"line":29,"column":29},"end":{"line":29,"column":39}},"6":{"start":{"line":31,"column":4},"end":{"line":33,"column":5}},"7":{"start":{"line":32,"column":6},"end":{"line":32,"column":55}},"8":{"start":{"line":35,"column":4},"end":{"line":74,"column":6}},"9":{"start":{"line":78,"column":0},"end":{"line":85,"column":2}},"10":{"start":{"line":87,"column":24},"end":{"line":95,"column":1}},"11":{"start":{"line":88,"column":25},"end":{"line":88,"column":49}},"12":{"start":{"line":89,"column":31},"end":{"line":89,"column":61}},"13":{"start":{"line":91,"column":2},"end":{"line":94,"column":4}},"14":{"start":{"line":97,"column":27},"end":{"line":99,"column":1}}},"fnMap":{"0":{"name":"(anonymous_0)","decl":{"start":{"line":12,"column":2},"end":{"line":12,"column":3}},"loc":{"start":{"line":12,"column":21},"end":{"line":16,"column":3}},"line":12},"1":{"name":"(anonymous_1)","decl":{"start":{"line":18,"column":2},"end":{"line":18,"column":3}},"loc":{"start":{"line":18,"column":22},"end":{"line":22,"column":3}},"line":18},"2":{"name":"(anonymous_2)","decl":{"start":{"line":24,"column":2},"end":{"line":24,"column":3}},"loc":{"start":{"line":24,"column":27},"end":{"line":26,"column":3}},"line":24},"3":{"name":"(anonymous_3)","decl":{"start":{"line":28,"column":2},"end":{"line":28,"column":3}},"loc":{"start":{"line":28,"column":11},"end":{"line":75,"column":3}},"line":28},"4":{"name":"(anonymous_4)","decl":{"start":{"line":87,"column":24},"end":{"line":87,"column":25}},"loc":{"start":{"line":87,"column":35},"end":{"line":95,"column":1}},"line":87}},"branchMap":{"0":{"loc":{"start":{"line":31,"column":4},"end":{"line":33,"column":5}},"type":"if","locations":[{"start":{"line":31,"column":4},"end":{"line":33,"column":5}},{"start":{"line":31,"column":4},"end":{"line":33,"column":5}}],"line":31}},"s":{"0":1,"1":1,"2":1,"3":1,"4":0,"5":1,"6":1,"7":0,"8":1,"9":2,"10":2,"11":0,"12":0,"13":0,"14":2},"f":{"0":1,"1":1,"2":0,"3":1,"4":0},"b":{"0":[0,1]},"_coverageSchema":"1a1c01bbd47fc00a2c39e90264f33305004495a9","hash":"7e6c1272720eac68970806781842c78924bbad6a"}
,"/Users/a1/Desktop/41568-what-to-watch-4/src/components/my-list-button/my-list-button.jsx": {"path":"/Users/a1/Desktop/41568-what-to-watch-4/src/components/my-list-button/my-list-button.jsx","statementMap":{"0":{"start":{"line":4,"column":21},"end":{"line":37,"column":1}},"1":{"start":{"line":5,"column":39},"end":{"line":5,"column":44}},"2":{"start":{"line":7,"column":30},"end":{"line":13,"column":3}},"3":{"start":{"line":8,"column":4},"end":{"line":12,"column":6}},"4":{"start":{"line":15,"column":33},"end":{"line":21,"column":3}},"5":{"start":{"line":16,"column":4},"end":{"line":20,"column":6}},"6":{"start":{"line":23,"column":29},"end":{"line":25,"column":3}},"7":{"start":{"line":24,"column":4},"end":{"line":24,"column":32}},"8":{"start":{"line":27,"column":2},"end":{"line":36,"column":4}},"9":{"start":{"line":39,"column":0},"end":{"line":42,"column":2}}},"fnMap":{"0":{"name":"(anonymous_0)","decl":{"start":{"line":4,"column":21},"end":{"line":4,"column":22}},"loc":{"start":{"line":4,"column":32},"end":{"line":37,"column":1}},"line":4},"1":{"name":"(anonymous_1)","decl":{"start":{"line":7,"column":30},"end":{"line":7,"column":31}},"loc":{"start":{"line":7,"column":36},"end":{"line":13,"column":3}},"line":7},"2":{"name":"(anonymous_2)","decl":{"start":{"line":15,"column":33},"end":{"line":15,"column":34}},"loc":{"start":{"line":15,"column":39},"end":{"line":21,"column":3}},"line":15},"3":{"name":"(anonymous_3)","decl":{"start":{"line":23,"column":29},"end":{"line":23,"column":30}},"loc":{"start":{"line":23,"column":35},"end":{"line":25,"column":3}},"line":23}},"branchMap":{"0":{"loc":{"start":{"line":33,"column":7},"end":{"line":33,"column":68}},"type":"cond-expr","locations":[{"start":{"line":33,"column":20},"end":{"line":33,"column":44}},{"start":{"line":33,"column":47},"end":{"line":33,"column":68}}],"line":33}},"s":{"0":7,"1":5,"2":5,"3":3,"4":5,"5":2,"6":5,"7":1,"8":5,"9":7},"f":{"0":5,"1":3,"2":2,"3":1},"b":{"0":[2,3]},"_coverageSchema":"1a1c01bbd47fc00a2c39e90264f33305004495a9","hash":"83d30a5d4f060ac7ec1cff6c4470350c54c54f55"}
,"/Users/a1/Desktop/41568-what-to-watch-4/src/components/private-route/private-route.jsx": {"path":"/Users/a1/Desktop/41568-what-to-watch-4/src/components/private-route/private-route.jsx","statementMap":{"0":{"start":{"line":9,"column":21},"end":{"line":13,"column":1}},"1":{"start":{"line":10,"column":2},"end":{"line":12,"column":4}},"2":{"start":{"line":15,"column":0},"end":{"line":17,"column":2}},"3":{"start":{"line":19,"column":24},"end":{"line":23,"column":1}},"4":{"start":{"line":20,"column":2},"end":{"line":22,"column":4}}},"fnMap":{"0":{"name":"(anonymous_0)","decl":{"start":{"line":9,"column":21},"end":{"line":9,"column":22}},"loc":{"start":{"line":9,"column":32},"end":{"line":13,"column":1}},"line":9},"1":{"name":"(anonymous_1)","decl":{"start":{"line":19,"column":24},"end":{"line":19,"column":25}},"loc":{"start":{"line":19,"column":35},"end":{"line":23,"column":1}},"line":19}},"branchMap":{"0":{"loc":{"start":{"line":11,"column":4},"end":{"line":11,"column":114}},"type":"cond-expr","locations":[{"start":{"line":11,"column":61},"end":{"line":11,"column":80}},{"start":{"line":11,"column":83},"end":{"line":11,"column":114}}],"line":11}},"s":{"0":1,"1":0,"2":1,"3":1,"4":0},"f":{"0":0,"1":0},"b":{"0":[0,0]},"_coverageSchema":"1a1c01bbd47fc00a2c39e90264f33305004495a9","hash":"65c1b5312868c62ecd4257edf522ff11af4a9036"}
,"/Users/a1/Desktop/41568-what-to-watch-4/src/components/show-more-button/show-more-button.jsx": {"path":"/Users/a1/Desktop/41568-what-to-watch-4/src/components/show-more-button/show-more-button.jsx","statementMap":{"0":{"start":{"line":4,"column":23},"end":{"line":17,"column":1}},"1":{"start":{"line":5,"column":26},"end":{"line":5,"column":31}},"2":{"start":{"line":6,"column":2},"end":{"line":16,"column":4}},"3":{"start":{"line":19,"column":0},"end":{"line":21,"column":2}}},"fnMap":{"0":{"name":"(anonymous_0)","decl":{"start":{"line":4,"column":23},"end":{"line":4,"column":24}},"loc":{"start":{"line":4,"column":34},"end":{"line":17,"column":1}},"line":4}},"branchMap":{},"s":{"0":5,"1":2,"2":2,"3":5},"f":{"0":2},"b":{},"_coverageSchema":"1a1c01bbd47fc00a2c39e90264f33305004495a9","hash":"3ddfe9f43978400331e46dc189f3263d8ea408c9"}
,"/Users/a1/Desktop/41568-what-to-watch-4/src/components/sign-in/sign-in.jsx": {"path":"/Users/a1/Desktop/41568-what-to-watch-4/src/components/sign-in/sign-in.jsx","statementMap":{"0":{"start":{"line":13,"column":4},"end":{"line":13,"column":17}},"1":{"start":{"line":15,"column":4},"end":{"line":15,"column":32}},"2":{"start":{"line":16,"column":4},"end":{"line":16,"column":35}},"3":{"start":{"line":18,"column":4},"end":{"line":18,"column":53}},"4":{"start":{"line":22,"column":4},"end":{"line":22,"column":27}},"5":{"start":{"line":24,"column":18},"end":{"line":24,"column":45}},"6":{"start":{"line":25,"column":21},"end":{"line":25,"column":51}},"7":{"start":{"line":27,"column":4},"end":{"line":27,"column":42}},"8":{"start":{"line":31,"column":27},"end":{"line":31,"column":37}},"9":{"start":{"line":33,"column":4},"end":{"line":39,"column":6}},"10":{"start":{"line":43,"column":39},"end":{"line":43,"column":49}},"11":{"start":{"line":45,"column":4},"end":{"line":47,"column":5}},"12":{"start":{"line":46,"column":6},"end":{"line":46,"column":32}},"13":{"start":{"line":49,"column":4},"end":{"line":116,"column":6}},"14":{"start":{"line":120,"column":0},"end":{"line":124,"column":2}},"15":{"start":{"line":126,"column":24},"end":{"line":134,"column":1}},"16":{"start":{"line":127,"column":21},"end":{"line":127,"column":41}},"17":{"start":{"line":128,"column":23},"end":{"line":128,"column":45}},"18":{"start":{"line":130,"column":2},"end":{"line":133,"column":4}},"19":{"start":{"line":136,"column":27},"end":{"line":138,"column":1}}},"fnMap":{"0":{"name":"(anonymous_0)","decl":{"start":{"line":12,"column":2},"end":{"line":12,"column":3}},"loc":{"start":{"line":12,"column":21},"end":{"line":19,"column":3}},"line":12},"1":{"name":"(anonymous_1)","decl":{"start":{"line":21,"column":2},"end":{"line":21,"column":3}},"loc":{"start":{"line":21,"column":22},"end":{"line":28,"column":3}},"line":21},"2":{"name":"(anonymous_2)","decl":{"start":{"line":30,"column":2},"end":{"line":30,"column":3}},"loc":{"start":{"line":30,"column":16},"end":{"line":40,"column":3}},"line":30},"3":{"name":"(anonymous_3)","decl":{"start":{"line":42,"column":2},"end":{"line":42,"column":3}},"loc":{"start":{"line":42,"column":11},"end":{"line":117,"column":3}},"line":42},"4":{"name":"(anonymous_4)","decl":{"start":{"line":126,"column":24},"end":{"line":126,"column":25}},"loc":{"start":{"line":126,"column":35},"end":{"line":134,"column":1}},"line":126}},"branchMap":{"0":{"loc":{"start":{"line":45,"column":4},"end":{"line":47,"column":5}},"type":"if","locations":[{"start":{"line":45,"column":4},"end":{"line":47,"column":5}},{"start":{"line":45,"column":4},"end":{"line":47,"column":5}}],"line":45},"1":{"loc":{"start":{"line":71,"column":13},"end":{"line":71,"column":58}},"type":"cond-expr","locations":[{"start":{"line":71,"column":35},"end":{"line":71,"column":53}},{"start":{"line":71,"column":56},"end":{"line":71,"column":58}}],"line":71}},"s":{"0":2,"1":2,"2":2,"3":2,"4":1,"5":1,"6":1,"7":1,"8":0,"9":0,"10":2,"11":2,"12":0,"13":2,"14":3,"15":3,"16":1,"17":1,"18":1,"19":3},"f":{"0":2,"1":1,"2":0,"3":2,"4":1},"b":{"0":[0,2],"1":[0,2]},"_coverageSchema":"1a1c01bbd47fc00a2c39e90264f33305004495a9","hash":"4fb885255fb5ae01bdf8e50acbeb994f25e493ac"}
,"/Users/a1/Desktop/41568-what-to-watch-4/src/components/small-movie-card/small-movie-card.jsx": {"path":"/Users/a1/Desktop/41568-what-to-watch-4/src/components/small-movie-card/small-movie-card.jsx","statementMap":{"0":{"start":{"line":6,"column":23},"end":{"line":41,"column":1}},"1":{"start":{"line":7,"column":71},"end":{"line":7,"column":76}},"2":{"start":{"line":9,"column":27},"end":{"line":12,"column":3}},"3":{"start":{"line":10,"column":4},"end":{"line":10,"column":27}},"4":{"start":{"line":11,"column":4},"end":{"line":11,"column":24}},"5":{"start":{"line":14,"column":2},"end":{"line":40,"column":4}},"6":{"start":{"line":43,"column":0},"end":{"line":54,"column":2}}},"fnMap":{"0":{"name":"(anonymous_0)","decl":{"start":{"line":6,"column":23},"end":{"line":6,"column":24}},"loc":{"start":{"line":6,"column":34},"end":{"line":41,"column":1}},"line":6},"1":{"name":"(anonymous_1)","decl":{"start":{"line":9,"column":27},"end":{"line":9,"column":28}},"loc":{"start":{"line":9,"column":38},"end":{"line":12,"column":3}},"line":9}},"branchMap":{},"s":{"0":9,"1":11,"2":11,"3":1,"4":1,"5":11,"6":9},"f":{"0":11,"1":1},"b":{},"_coverageSchema":"1a1c01bbd47fc00a2c39e90264f33305004495a9","hash":"76934b627ae42fb3af0d0692219a6b5c95749707"}
,"/Users/a1/Desktop/41568-what-to-watch-4/src/components/small-movie-card-list/small-movie-card-list.jsx": {"path":"/Users/a1/Desktop/41568-what-to-watch-4/src/components/small-movie-card-list/small-movie-card-list.jsx","statementMap":{"0":{"start":{"line":7,"column":30},"end":{"line":7,"column":59}},"1":{"start":{"line":9,"column":27},"end":{"line":24,"column":1}},"2":{"start":{"line":10,"column":36},"end":{"line":10,"column":41}},"3":{"start":{"line":12,"column":2},"end":{"line":23,"column":4}},"4":{"start":{"line":16,"column":8},"end":{"line":20,"column":10}},"5":{"start":{"line":26,"column":0},"end":{"line":29,"column":2}}},"fnMap":{"0":{"name":"(anonymous_0)","decl":{"start":{"line":9,"column":27},"end":{"line":9,"column":28}},"loc":{"start":{"line":9,"column":38},"end":{"line":24,"column":1}},"line":9},"1":{"name":"(anonymous_1)","decl":{"start":{"line":15,"column":18},"end":{"line":15,"column":19}},"loc":{"start":{"line":16,"column":8},"end":{"line":20,"column":10}},"line":16}},"branchMap":{},"s":{"0":7,"1":7,"2":5,"3":5,"4":8,"5":7},"f":{"0":5,"1":8},"b":{},"_coverageSchema":"1a1c01bbd47fc00a2c39e90264f33305004495a9","hash":"01b2896d856addfd3b978f98f41d5e80c3443331"}
,"/Users/a1/Desktop/41568-what-to-watch-4/src/components/user-block/user-block.jsx": {"path":"/Users/a1/Desktop/41568-what-to-watch-4/src/components/user-block/user-block.jsx","statementMap":{"0":{"start":{"line":11,"column":4},"end":{"line":11,"column":17}},"1":{"start":{"line":15,"column":21},"end":{"line":15,"column":31}},"2":{"start":{"line":17,"column":4},"end":{"line":25,"column":6}},"3":{"start":{"line":29,"column":4},"end":{"line":36,"column":6}},"4":{"start":{"line":40,"column":25},"end":{"line":40,"column":35}},"5":{"start":{"line":42,"column":4},"end":{"line":46,"column":6}},"6":{"start":{"line":50,"column":0},"end":{"line":53,"column":2}},"7":{"start":{"line":55,"column":24},"end":{"line":63,"column":1}},"8":{"start":{"line":56,"column":21},"end":{"line":56,"column":41}},"9":{"start":{"line":57,"column":17},"end":{"line":57,"column":33}},"10":{"start":{"line":59,"column":2},"end":{"line":62,"column":4}}},"fnMap":{"0":{"name":"(anonymous_0)","decl":{"start":{"line":10,"column":2},"end":{"line":10,"column":3}},"loc":{"start":{"line":10,"column":21},"end":{"line":12,"column":3}},"line":10},"1":{"name":"(anonymous_1)","decl":{"start":{"line":14,"column":2},"end":{"line":14,"column":3}},"loc":{"start":{"line":14,"column":21},"end":{"line":26,"column":3}},"line":14},"2":{"name":"(anonymous_2)","decl":{"start":{"line":28,"column":2},"end":{"line":28,"column":3}},"loc":{"start":{"line":28,"column":25},"end":{"line":37,"column":3}},"line":28},"3":{"name":"(anonymous_3)","decl":{"start":{"line":39,"column":2},"end":{"line":39,"column":3}},"loc":{"start":{"line":39,"column":11},"end":{"line":47,"column":3}},"line":39},"4":{"name":"(anonymous_4)","decl":{"start":{"line":55,"column":24},"end":{"line":55,"column":25}},"loc":{"start":{"line":55,"column":35},"end":{"line":63,"column":1}},"line":55}},"branchMap":{"0":{"loc":{"start":{"line":44,"column":9},"end":{"line":44,"column":104}},"type":"cond-expr","locations":[{"start":{"line":44,"column":51},"end":{"line":44,"column":74}},{"start":{"line":44,"column":77},"end":{"line":44,"column":104}}],"line":44}},"s":{"0":6,"1":0,"2":0,"3":6,"4":6,"5":6,"6":9,"7":9,"8":6,"9":6,"10":6},"f":{"0":6,"1":0,"2":6,"3":6,"4":6},"b":{"0":[0,6]},"_coverageSchema":"1a1c01bbd47fc00a2c39e90264f33305004495a9","hash":"4ea82743a190a5825ee82adcc9711d20d471286f"}
,"/Users/a1/Desktop/41568-what-to-watch-4/src/components/video-player/video-player.jsx": {"path":"/Users/a1/Desktop/41568-what-to-watch-4/src/components/video-player/video-player.jsx","statementMap":{"0":{"start":{"line":6,"column":4},"end":{"line":6,"column":17}},"1":{"start":{"line":8,"column":4},"end":{"line":8,"column":32}},"2":{"start":{"line":12,"column":35},"end":{"line":12,"column":45}},"3":{"start":{"line":13,"column":18},"end":{"line":13,"column":39}},"4":{"start":{"line":15,"column":4},"end":{"line":17,"column":5}},"5":{"start":{"line":16,"column":6},"end":{"line":16,"column":25}},"6":{"start":{"line":19,"column":4},"end":{"line":19,"column":20}},"7":{"start":{"line":20,"column":4},"end":{"line":20,"column":26}},"8":{"start":{"line":24,"column":24},"end":{"line":24,"column":34}},"9":{"start":{"line":25,"column":18},"end":{"line":25,"column":39}},"10":{"start":{"line":27,"column":4},"end":{"line":31,"column":5}},"11":{"start":{"line":28,"column":6},"end":{"line":28,"column":19}},"12":{"start":{"line":30,"column":6},"end":{"line":30,"column":19}},"13":{"start":{"line":35,"column":18},"end":{"line":35,"column":39}},"14":{"start":{"line":37,"column":4},"end":{"line":37,"column":21}},"15":{"start":{"line":38,"column":4},"end":{"line":38,"column":24}},"16":{"start":{"line":42,"column":4},"end":{"line":49,"column":6}},"17":{"start":{"line":53,"column":0},"end":{"line":58,"column":2}}},"fnMap":{"0":{"name":"(anonymous_0)","decl":{"start":{"line":5,"column":2},"end":{"line":5,"column":3}},"loc":{"start":{"line":5,"column":21},"end":{"line":9,"column":3}},"line":5},"1":{"name":"(anonymous_1)","decl":{"start":{"line":11,"column":2},"end":{"line":11,"column":3}},"loc":{"start":{"line":11,"column":22},"end":{"line":21,"column":3}},"line":11},"2":{"name":"(anonymous_2)","decl":{"start":{"line":23,"column":2},"end":{"line":23,"column":3}},"loc":{"start":{"line":23,"column":23},"end":{"line":32,"column":3}},"line":23},"3":{"name":"(anonymous_3)","decl":{"start":{"line":34,"column":2},"end":{"line":34,"column":3}},"loc":{"start":{"line":34,"column":25},"end":{"line":39,"column":3}},"line":34},"4":{"name":"(anonymous_4)","decl":{"start":{"line":41,"column":2},"end":{"line":41,"column":3}},"loc":{"start":{"line":41,"column":11},"end":{"line":50,"column":3}},"line":41}},"branchMap":{"0":{"loc":{"start":{"line":15,"column":4},"end":{"line":17,"column":5}},"type":"if","locations":[{"start":{"line":15,"column":4},"end":{"line":17,"column":5}},{"start":{"line":15,"column":4},"end":{"line":17,"column":5}}],"line":15},"1":{"loc":{"start":{"line":27,"column":4},"end":{"line":31,"column":5}},"type":"if","locations":[{"start":{"line":27,"column":4},"end":{"line":31,"column":5}},{"start":{"line":27,"column":4},"end":{"line":31,"column":5}}],"line":27}},"s":{"0":14,"1":14,"2":14,"3":14,"4":14,"5":14,"6":14,"7":14,"8":0,"9":0,"10":0,"11":0,"12":0,"13":0,"14":0,"15":0,"16":14,"17":11},"f":{"0":14,"1":14,"2":0,"3":0,"4":14},"b":{"0":[14,0],"1":[0,0]},"_coverageSchema":"1a1c01bbd47fc00a2c39e90264f33305004495a9","hash":"ad6104677ab54914278d625bbc3b7746e17a07fe"}
,"/Users/a1/Desktop/41568-what-to-watch-4/src/components/video-player-full/video-player-full.jsx": {"path":"/Users/a1/Desktop/41568-what-to-watch-4/src/components/video-player-full/video-player-full.jsx","statementMap":{"0":{"start":{"line":4,"column":24},"end":{"line":60,"column":1}},"1":{"start":{"line":5,"column":96},"end":{"line":5,"column":101}},"2":{"start":{"line":7,"column":2},"end":{"line":59,"column":4}},"3":{"start":{"line":62,"column":0},"end":{"line":87,"column":2}}},"fnMap":{"0":{"name":"(anonymous_0)","decl":{"start":{"line":4,"column":24},"end":{"line":4,"column":25}},"loc":{"start":{"line":4,"column":35},"end":{"line":60,"column":1}},"line":4}},"branchMap":{},"s":{"0":3,"1":3,"2":3,"3":3},"f":{"0":3},"b":{},"_coverageSchema":"1a1c01bbd47fc00a2c39e90264f33305004495a9","hash":"6ff5dcef1da47debdd7203679ff843f871402b54"}
,"/Users/a1/Desktop/41568-what-to-watch-4/src/hocs/with-active-item/with-active-item.js": {"path":"/Users/a1/Desktop/41568-what-to-watch-4/src/hocs/with-active-item/with-active-item.js","statementMap":{"0":{"start":{"line":4,"column":23},"end":{"line":42,"column":1}},"1":{"start":{"line":7,"column":6},"end":{"line":7,"column":19}},"2":{"start":{"line":9,"column":6},"end":{"line":11,"column":8}},"3":{"start":{"line":13,"column":6},"end":{"line":13,"column":57}},"4":{"start":{"line":17,"column":6},"end":{"line":19,"column":9}},"5":{"start":{"line":21,"column":6},"end":{"line":23,"column":7}},"6":{"start":{"line":22,"column":8},"end":{"line":22,"column":44}},"7":{"start":{"line":27,"column":6},"end":{"line":33,"column":8}},"8":{"start":{"line":37,"column":2},"end":{"line":39,"column":4}},"9":{"start":{"line":41,"column":2},"end":{"line":41,"column":24}}},"fnMap":{"0":{"name":"(anonymous_0)","decl":{"start":{"line":4,"column":23},"end":{"line":4,"column":24}},"loc":{"start":{"line":4,"column":59},"end":{"line":42,"column":1}},"line":4},"1":{"name":"(anonymous_1)","decl":{"start":{"line":6,"column":4},"end":{"line":6,"column":5}},"loc":{"start":{"line":6,"column":23},"end":{"line":14,"column":5}},"line":6},"2":{"name":"(anonymous_2)","decl":{"start":{"line":16,"column":4},"end":{"line":16,"column":5}},"loc":{"start":{"line":16,"column":24},"end":{"line":24,"column":5}},"line":16},"3":{"name":"(anonymous_3)","decl":{"start":{"line":26,"column":4},"end":{"line":26,"column":5}},"loc":{"start":{"line":26,"column":13},"end":{"line":34,"column":5}},"line":26}},"branchMap":{"0":{"loc":{"start":{"line":4,"column":35},"end":{"line":4,"column":54}},"type":"default-arg","locations":[{"start":{"line":4,"column":50},"end":{"line":4,"column":54}}],"line":4},"1":{"loc":{"start":{"line":21,"column":6},"end":{"line":23,"column":7}},"type":"if","locations":[{"start":{"line":21,"column":6},"end":{"line":23,"column":7}},{"start":{"line":21,"column":6},"end":{"line":23,"column":7}}],"line":21}},"s":{"0":6,"1":5,"2":5,"3":5,"4":1,"5":1,"6":1,"7":6,"8":10,"9":10},"f":{"0":10,"1":5,"2":1,"3":6},"b":{"0":[7],"1":[1,0]},"_coverageSchema":"1a1c01bbd47fc00a2c39e90264f33305004495a9","hash":"e56445e28f20ab697c1dc9ab19dd657d51a2a96d"}
,"/Users/a1/Desktop/41568-what-to-watch-4/src/hocs/with-add-review/with-add-review.js": {"path":"/Users/a1/Desktop/41568-what-to-watch-4/src/hocs/with-add-review/with-add-review.js","statementMap":{"0":{"start":{"line":8,"column":22},"end":{"line":90,"column":1}},"1":{"start":{"line":11,"column":6},"end":{"line":11,"column":19}},"2":{"start":{"line":13,"column":6},"end":{"line":16,"column":8}},"3":{"start":{"line":18,"column":6},"end":{"line":18,"column":67}},"4":{"start":{"line":19,"column":6},"end":{"line":19,"column":67}},"5":{"start":{"line":20,"column":6},"end":{"line":20,"column":65}},"6":{"start":{"line":24,"column":6},"end":{"line":26,"column":9}},"7":{"start":{"line":30,"column":6},"end":{"line":32,"column":9}},"8":{"start":{"line":36,"column":6},"end":{"line":36,"column":29}},"9":{"start":{"line":38,"column":6},"end":{"line":42,"column":9}},"10":{"start":{"line":46,"column":6},"end":{"line":54,"column":8}},"11":{"start":{"line":58,"column":2},"end":{"line":70,"column":4}},"12":{"start":{"line":73,"column":26},"end":{"line":83,"column":3}},"13":{"start":{"line":74,"column":22},"end":{"line":74,"column":41}},"14":{"start":{"line":75,"column":22},"end":{"line":75,"column":41}},"15":{"start":{"line":76,"column":18},"end":{"line":76,"column":60}},"16":{"start":{"line":78,"column":4},"end":{"line":82,"column":6}},"17":{"start":{"line":85,"column":29},"end":{"line":87,"column":3}},"18":{"start":{"line":89,"column":2},"end":{"line":89,"column":69}}},"fnMap":{"0":{"name":"(anonymous_0)","decl":{"start":{"line":8,"column":22},"end":{"line":8,"column":23}},"loc":{"start":{"line":8,"column":37},"end":{"line":90,"column":1}},"line":8},"1":{"name":"(anonymous_1)","decl":{"start":{"line":10,"column":4},"end":{"line":10,"column":5}},"loc":{"start":{"line":10,"column":23},"end":{"line":21,"column":5}},"line":10},"2":{"name":"(anonymous_2)","decl":{"start":{"line":23,"column":4},"end":{"line":23,"column":5}},"loc":{"start":{"line":23,"column":30},"end":{"line":27,"column":5}},"line":23},"3":{"name":"(anonymous_3)","decl":{"start":{"line":29,"column":4},"end":{"line":29,"column":5}},"loc":{"start":{"line":29,"column":30},"end":{"line":33,"column":5}},"line":29},"4":{"name":"(anonymous_4)","decl":{"start":{"line":35,"column":4},"end":{"line":35,"column":5}},"loc":{"start":{"line":35,"column":29},"end":{"line":43,"column":5}},"line":35},"5":{"name":"(anonymous_5)","decl":{"start":{"line":45,"column":4},"end":{"line":45,"column":5}},"loc":{"start":{"line":45,"column":13},"end":{"line":55,"column":5}},"line":45},"6":{"name":"(anonymous_6)","decl":{"start":{"line":73,"column":26},"end":{"line":73,"column":27}},"loc":{"start":{"line":73,"column":44},"end":{"line":83,"column":3}},"line":73}},"branchMap":{},"s":{"0":1,"1":0,"2":0,"3":0,"4":0,"5":0,"6":0,"7":0,"8":0,"9":0,"10":0,"11":1,"12":1,"13":0,"14":0,"15":0,"16":0,"17":1,"18":1},"f":{"0":1,"1":0,"2":0,"3":0,"4":0,"5":0,"6":0},"b":{},"_coverageSchema":"1a1c01bbd47fc00a2c39e90264f33305004495a9","hash":"461079cd0a498eb2fa651dbacbdffebbd920d19e"}
,"/Users/a1/Desktop/41568-what-to-watch-4/src/hocs/with-full-video-player/with-full-video-player.js": {"path":"/Users/a1/Desktop/41568-what-to-watch-4/src/hocs/with-full-video-player/with-full-video-player.js","statementMap":{"0":{"start":{"line":7,"column":28},"end":{"line":125,"column":1}},"1":{"start":{"line":10,"column":6},"end":{"line":10,"column":19}},"2":{"start":{"line":12,"column":6},"end":{"line":12,"column":34}},"3":{"start":{"line":14,"column":6},"end":{"line":17,"column":8}},"4":{"start":{"line":19,"column":6},"end":{"line":19,"column":63}},"5":{"start":{"line":20,"column":6},"end":{"line":20,"column":73}},"6":{"start":{"line":21,"column":6},"end":{"line":21,"column":61}},"7":{"start":{"line":25,"column":34},"end":{"line":25,"column":50}},"8":{"start":{"line":26,"column":20},"end":{"line":26,"column":41}},"9":{"start":{"line":28,"column":6},"end":{"line":28,"column":28}},"10":{"start":{"line":29,"column":6},"end":{"line":29,"column":28}},"11":{"start":{"line":31,"column":6},"end":{"line":35,"column":8}},"12":{"start":{"line":32,"column":8},"end":{"line":34,"column":11}},"13":{"start":{"line":37,"column":6},"end":{"line":37,"column":65}},"14":{"start":{"line":41,"column":26},"end":{"line":41,"column":36}},"15":{"start":{"line":42,"column":20},"end":{"line":42,"column":41}},"16":{"start":{"line":44,"column":6},"end":{"line":48,"column":7}},"17":{"start":{"line":45,"column":8},"end":{"line":45,"column":21}},"18":{"start":{"line":47,"column":8},"end":{"line":47,"column":22}},"19":{"start":{"line":52,"column":20},"end":{"line":52,"column":41}},"20":{"start":{"line":54,"column":6},"end":{"line":54,"column":23}},"21":{"start":{"line":55,"column":6},"end":{"line":55,"column":26}},"22":{"start":{"line":56,"column":6},"end":{"line":56,"column":32}},"23":{"start":{"line":57,"column":6},"end":{"line":57,"column":26}},"24":{"start":{"line":58,"column":6},"end":{"line":58,"column":27}},"25":{"start":{"line":59,"column":6},"end":{"line":59,"column":68}},"26":{"start":{"line":63,"column":6},"end":{"line":65,"column":9}},"27":{"start":{"line":69,"column":20},"end":{"line":69,"column":41}},"28":{"start":{"line":70,"column":6},"end":{"line":70,"column":32}},"29":{"start":{"line":74,"column":6},"end":{"line":76,"column":7}},"30":{"start":{"line":75,"column":8},"end":{"line":75,"column":36}},"31":{"start":{"line":80,"column":20},"end":{"line":80,"column":41}},"32":{"start":{"line":81,"column":23},"end":{"line":81,"column":52}},"33":{"start":{"line":82,"column":23},"end":{"line":82,"column":68}},"34":{"start":{"line":83,"column":30},"end":{"line":83,"column":93}},"35":{"start":{"line":85,"column":6},"end":{"line":100,"column":8}},"36":{"start":{"line":104,"column":2},"end":{"line":114,"column":4}},"37":{"start":{"line":116,"column":26},"end":{"line":122,"column":3}},"38":{"start":{"line":117,"column":18},"end":{"line":117,"column":60}},"39":{"start":{"line":119,"column":4},"end":{"line":121,"column":6}},"40":{"start":{"line":124,"column":2},"end":{"line":124,"column":55}}},"fnMap":{"0":{"name":"(anonymous_0)","decl":{"start":{"line":7,"column":28},"end":{"line":7,"column":29}},"loc":{"start":{"line":7,"column":43},"end":{"line":125,"column":1}},"line":7},"1":{"name":"(anonymous_1)","decl":{"start":{"line":9,"column":4},"end":{"line":9,"column":5}},"loc":{"start":{"line":9,"column":23},"end":{"line":22,"column":5}},"line":9},"2":{"name":"(anonymous_2)","decl":{"start":{"line":24,"column":4},"end":{"line":24,"column":5}},"loc":{"start":{"line":24,"column":24},"end":{"line":38,"column":5}},"line":24},"3":{"name":"(anonymous_3)","decl":{"start":{"line":31,"column":27},"end":{"line":31,"column":28}},"loc":{"start":{"line":31,"column":33},"end":{"line":35,"column":7}},"line":31},"4":{"name":"(anonymous_4)","decl":{"start":{"line":40,"column":4},"end":{"line":40,"column":5}},"loc":{"start":{"line":40,"column":25},"end":{"line":49,"column":5}},"line":40},"5":{"name":"(anonymous_5)","decl":{"start":{"line":51,"column":4},"end":{"line":51,"column":5}},"loc":{"start":{"line":51,"column":27},"end":{"line":60,"column":5}},"line":51},"6":{"name":"(anonymous_6)","decl":{"start":{"line":62,"column":4},"end":{"line":62,"column":5}},"loc":{"start":{"line":62,"column":23},"end":{"line":66,"column":5}},"line":62},"7":{"name":"(anonymous_7)","decl":{"start":{"line":68,"column":4},"end":{"line":68,"column":5}},"loc":{"start":{"line":68,"column":28},"end":{"line":71,"column":5}},"line":68},"8":{"name":"(anonymous_8)","decl":{"start":{"line":73,"column":4},"end":{"line":73,"column":5}},"loc":{"start":{"line":73,"column":27},"end":{"line":77,"column":5}},"line":73},"9":{"name":"(anonymous_9)","decl":{"start":{"line":79,"column":4},"end":{"line":79,"column":5}},"loc":{"start":{"line":79,"column":13},"end":{"line":101,"column":5}},"line":79},"10":{"name":"(anonymous_10)","decl":{"start":{"line":116,"column":26},"end":{"line":116,"column":27}},"loc":{"start":{"line":116,"column":44},"end":{"line":122,"column":3}},"line":116}},"branchMap":{"0":{"loc":{"start":{"line":44,"column":6},"end":{"line":48,"column":7}},"type":"if","locations":[{"start":{"line":44,"column":6},"end":{"line":48,"column":7}},{"start":{"line":44,"column":6},"end":{"line":48,"column":7}}],"line":44},"1":{"loc":{"start":{"line":74,"column":6},"end":{"line":76,"column":7}},"type":"if","locations":[{"start":{"line":74,"column":6},"end":{"line":76,"column":7}},{"start":{"line":74,"column":6},"end":{"line":76,"column":7}}],"line":74},"2":{"loc":{"start":{"line":74,"column":10},"end":{"line":74,"column":89}},"type":"binary-expr","locations":[{"start":{"line":74,"column":10},"end":{"line":74,"column":34}},{"start":{"line":74,"column":38},"end":{"line":74,"column":63}},{"start":{"line":74,"column":67},"end":{"line":74,"column":89}}],"line":74},"3":{"loc":{"start":{"line":81,"column":23},"end":{"line":81,"column":52}},"type":"cond-expr","locations":[{"start":{"line":81,"column":31},"end":{"line":81,"column":45}},{"start":{"line":81,"column":48},"end":{"line":81,"column":52}}],"line":81},"4":{"loc":{"start":{"line":82,"column":23},"end":{"line":82,"column":68}},"type":"cond-expr","locations":[{"start":{"line":82,"column":34},"end":{"line":82,"column":64}},{"start":{"line":82,"column":67},"end":{"line":82,"column":68}}],"line":82},"5":{"loc":{"start":{"line":83,"column":30},"end":{"line":83,"column":93}},"type":"cond-expr","locations":[{"start":{"line":83,"column":41},"end":{"line":83,"column":89}},{"start":{"line":83,"column":92},"end":{"line":83,"column":93}}],"line":83}},"s":{"0":1,"1":0,"2":0,"3":0,"4":0,"5":0,"6":0,"7":0,"8":0,"9":0,"10":0,"11":0,"12":0,"13":0,"14":0,"15":0,"16":0,"17":0,"18":0,"19":0,"20":0,"21":0,"22":0,"23":0,"24":0,"25":0,"26":0,"27":0,"28":0,"29":0,"30":0,"31":0,"32":0,"33":0,"34":0,"35":0,"36":1,"37":1,"38":0,"39":0,"40":1},"f":{"0":1,"1":0,"2":0,"3":0,"4":0,"5":0,"6":0,"7":0,"8":0,"9":0,"10":0},"b":{"0":[0,0],"1":[0,0],"2":[0,0,0],"3":[0,0],"4":[0,0],"5":[0,0]},"_coverageSchema":"1a1c01bbd47fc00a2c39e90264f33305004495a9","hash":"d2e5712f1b70ac382722bf2d935875ffb87d8cd0"}
,"/Users/a1/Desktop/41568-what-to-watch-4/src/hocs/with-video-play/with-video-play.js": {"path":"/Users/a1/Desktop/41568-what-to-watch-4/src/hocs/with-video-play/with-video-play.js","statementMap":{"0":{"start":{"line":3,"column":22},"end":{"line":54,"column":1}},"1":{"start":{"line":6,"column":6},"end":{"line":6,"column":19}},"2":{"start":{"line":8,"column":6},"end":{"line":8,"column":26}},"3":{"start":{"line":10,"column":6},"end":{"line":12,"column":8}},"4":{"start":{"line":14,"column":6},"end":{"line":14,"column":65}},"5":{"start":{"line":15,"column":6},"end":{"line":15,"column":65}},"6":{"start":{"line":19,"column":6},"end":{"line":21,"column":7}},"7":{"start":{"line":20,"column":8},"end":{"line":20,"column":35}},"8":{"start":{"line":25,"column":6},"end":{"line":28,"column":18}},"9":{"start":{"line":26,"column":8},"end":{"line":28,"column":10}},"10":{"start":{"line":32,"column":6},"end":{"line":32,"column":33}},"11":{"start":{"line":34,"column":6},"end":{"line":36,"column":9}},"12":{"start":{"line":40,"column":6},"end":{"line":47,"column":8}},"13":{"start":{"line":51,"column":2},"end":{"line":51,"column":31}},"14":{"start":{"line":53,"column":2},"end":{"line":53,"column":23}}},"fnMap":{"0":{"name":"(anonymous_0)","decl":{"start":{"line":3,"column":22},"end":{"line":3,"column":23}},"loc":{"start":{"line":3,"column":37},"end":{"line":54,"column":1}},"line":3},"1":{"name":"(anonymous_1)","decl":{"start":{"line":5,"column":4},"end":{"line":5,"column":5}},"loc":{"start":{"line":5,"column":23},"end":{"line":16,"column":5}},"line":5},"2":{"name":"(anonymous_2)","decl":{"start":{"line":18,"column":4},"end":{"line":18,"column":5}},"loc":{"start":{"line":18,"column":27},"end":{"line":22,"column":5}},"line":18},"3":{"name":"(anonymous_3)","decl":{"start":{"line":24,"column":4},"end":{"line":24,"column":5}},"loc":{"start":{"line":24,"column":24},"end":{"line":29,"column":5}},"line":24},"4":{"name":"(anonymous_4)","decl":{"start":{"line":25,"column":32},"end":{"line":25,"column":33}},"loc":{"start":{"line":26,"column":8},"end":{"line":28,"column":10}},"line":26},"5":{"name":"(anonymous_5)","decl":{"start":{"line":31,"column":4},"end":{"line":31,"column":5}},"loc":{"start":{"line":31,"column":24},"end":{"line":37,"column":5}},"line":31},"6":{"name":"(anonymous_6)","decl":{"start":{"line":39,"column":4},"end":{"line":39,"column":5}},"loc":{"start":{"line":39,"column":13},"end":{"line":48,"column":5}},"line":39}},"branchMap":{"0":{"loc":{"start":{"line":19,"column":6},"end":{"line":21,"column":7}},"type":"if","locations":[{"start":{"line":19,"column":6},"end":{"line":21,"column":7}},{"start":{"line":19,"column":6},"end":{"line":21,"column":7}}],"line":19}},"s":{"0":8,"1":9,"2":9,"3":9,"4":9,"5":9,"6":0,"7":0,"8":1,"9":1,"10":0,"11":0,"12":10,"13":8,"14":8},"f":{"0":8,"1":9,"2":0,"3":1,"4":1,"5":0,"6":10},"b":{"0":[0,0]},"_coverageSchema":"1a1c01bbd47fc00a2c39e90264f33305004495a9","hash":"edf499fd98c747479b4d56701c01ccf77183cea8"}
,"/Users/a1/Desktop/41568-what-to-watch-4/src/mocks/films.js": {"path":"/Users/a1/Desktop/41568-what-to-watch-4/src/mocks/films.js","statementMap":{"0":{"start":{"line":1,"column":22},"end":{"line":1,"column":105}}},"fnMap":{},"branchMap":{},"s":{"0":1},"f":{},"b":{},"_coverageSchema":"1a1c01bbd47fc00a2c39e90264f33305004495a9","hash":"c9fe0bbd963a2314cc5c8b7c3b4eda85ed33e244"}
,"/Users/a1/Desktop/41568-what-to-watch-4/src/reducer/name-space.js": {"path":"/Users/a1/Desktop/41568-what-to-watch-4/src/reducer/name-space.js","statementMap":{"0":{"start":{"line":1,"column":18},"end":{"line":6,"column":1}}},"fnMap":{},"branchMap":{},"s":{"0":12},"f":{},"b":{},"_coverageSchema":"1a1c01bbd47fc00a2c39e90264f33305004495a9","hash":"640995112efa11be87c4242bc4a4102591935cf2"}
,"/Users/a1/Desktop/41568-what-to-watch-4/src/reducer/app/app.js": {"path":"/Users/a1/Desktop/41568-what-to-watch-4/src/reducer/app/app.js","statementMap":{"0":{"start":{"line":3,"column":21},"end":{"line":6,"column":1}},"1":{"start":{"line":8,"column":19},"end":{"line":12,"column":1}},"2":{"start":{"line":14,"column":22},"end":{"line":31,"column":1}},"3":{"start":{"line":16,"column":4},"end":{"line":19,"column":6}},"4":{"start":{"line":22,"column":4},"end":{"line":24,"column":6}},"5":{"start":{"line":27,"column":4},"end":{"line":29,"column":6}},"6":{"start":{"line":33,"column":16},"end":{"line":67,"column":1}},"7":{"start":{"line":34,"column":2},"end":{"line":66,"column":3}},"8":{"start":{"line":36,"column":6},"end":{"line":39,"column":13}},"9":{"start":{"line":41,"column":6},"end":{"line":45,"column":8}},"10":{"start":{"line":47,"column":6},"end":{"line":51,"column":8}},"11":{"start":{"line":53,"column":6},"end":{"line":57,"column":8}},"12":{"start":{"line":59,"column":6},"end":{"line":63,"column":8}},"13":{"start":{"line":65,"column":6},"end":{"line":65,"column":19}}},"fnMap":{"0":{"name":"(anonymous_0)","decl":{"start":{"line":15,"column":19},"end":{"line":15,"column":20}},"loc":{"start":{"line":15,"column":30},"end":{"line":20,"column":3}},"line":15},"1":{"name":"(anonymous_1)","decl":{"start":{"line":21,"column":28},"end":{"line":21,"column":29}},"loc":{"start":{"line":21,"column":34},"end":{"line":25,"column":3}},"line":21},"2":{"name":"(anonymous_2)","decl":{"start":{"line":26,"column":24},"end":{"line":26,"column":25}},"loc":{"start":{"line":26,"column":30},"end":{"line":30,"column":3}},"line":26},"3":{"name":"(anonymous_3)","decl":{"start":{"line":33,"column":16},"end":{"line":33,"column":17}},"loc":{"start":{"line":33,"column":50},"end":{"line":67,"column":1}},"line":33}},"branchMap":{"0":{"loc":{"start":{"line":33,"column":17},"end":{"line":33,"column":37}},"type":"default-arg","locations":[{"start":{"line":33,"column":25},"end":{"line":33,"column":37}}],"line":33},"1":{"loc":{"start":{"line":34,"column":2},"end":{"line":66,"column":3}},"type":"switch","locations":[{"start":{"line":35,"column":4},"end":{"line":39,"column":13}},{"start":{"line":40,"column":4},"end":{"line":45,"column":8}},{"start":{"line":46,"column":4},"end":{"line":51,"column":8}},{"start":{"line":52,"column":4},"end":{"line":57,"column":8}},{"start":{"line":58,"column":4},"end":{"line":63,"column":8}},{"start":{"line":64,"column":4},"end":{"line":65,"column":19}}],"line":34}},"s":{"0":4,"1":4,"2":4,"3":1,"4":1,"5":1,"6":4,"7":4,"8":1,"9":1,"10":1,"11":1,"12":0,"13":0},"f":{"0":1,"1":1,"2":1,"3":4},"b":{"0":[1],"1":[1,1,1,1,0,0]},"_coverageSchema":"1a1c01bbd47fc00a2c39e90264f33305004495a9","hash":"95602a08f9867c040fde686330cad394f719e6e1"}
,"/Users/a1/Desktop/41568-what-to-watch-4/src/reducer/app/selectors.js": {"path":"/Users/a1/Desktop/41568-what-to-watch-4/src/reducer/app/selectors.js","statementMap":{"0":{"start":{"line":3,"column":31},"end":{"line":5,"column":1}},"1":{"start":{"line":4,"column":2},"end":{"line":4,"column":43}},"2":{"start":{"line":7,"column":34},"end":{"line":9,"column":1}},"3":{"start":{"line":8,"column":2},"end":{"line":8,"column":46}}},"fnMap":{"0":{"name":"(anonymous_0)","decl":{"start":{"line":3,"column":31},"end":{"line":3,"column":32}},"loc":{"start":{"line":3,"column":42},"end":{"line":5,"column":1}},"line":3},"1":{"name":"(anonymous_1)","decl":{"start":{"line":7,"column":34},"end":{"line":7,"column":35}},"loc":{"start":{"line":7,"column":45},"end":{"line":9,"column":1}},"line":7}},"branchMap":{},"s":{"0":6,"1":2,"2":6,"3":1},"f":{"0":2,"1":1},"b":{},"_coverageSchema":"1a1c01bbd47fc00a2c39e90264f33305004495a9","hash":"4ce160852ce1e9fa28b7e05e18c5cc5639fca95f"}
,"/Users/a1/Desktop/41568-what-to-watch-4/src/reducer/comments/comments.js": {"path":"/Users/a1/Desktop/41568-what-to-watch-4/src/reducer/comments/comments.js","statementMap":{"0":{"start":{"line":4,"column":21},"end":{"line":8,"column":1}},"1":{"start":{"line":10,"column":19},"end":{"line":14,"column":1}},"2":{"start":{"line":16,"column":22},"end":{"line":35,"column":1}},"3":{"start":{"line":18,"column":4},"end":{"line":21,"column":6}},"4":{"start":{"line":24,"column":4},"end":{"line":27,"column":6}},"5":{"start":{"line":30,"column":4},"end":{"line":33,"column":6}},"6":{"start":{"line":37,"column":18},"end":{"line":56,"column":1}},"7":{"start":{"line":38,"column":47},"end":{"line":47,"column":3}},"8":{"start":{"line":39,"column":4},"end":{"line":46,"column":9}},"9":{"start":{"line":41,"column":8},"end":{"line":41,"column":53}},"10":{"start":{"line":42,"column":8},"end":{"line":42,"column":49}},"11":{"start":{"line":45,"column":8},"end":{"line":45,"column":66}},"12":{"start":{"line":48,"column":28},"end":{"line":55,"column":3}},"13":{"start":{"line":49,"column":4},"end":{"line":54,"column":23}},"14":{"start":{"line":51,"column":25},"end":{"line":51,"column":38}},"15":{"start":{"line":52,"column":8},"end":{"line":52,"column":54}},"16":{"start":{"line":58,"column":16},"end":{"line":75,"column":1}},"17":{"start":{"line":59,"column":2},"end":{"line":74,"column":3}},"18":{"start":{"line":61,"column":6},"end":{"line":63,"column":9}},"19":{"start":{"line":65,"column":6},"end":{"line":67,"column":9}},"20":{"start":{"line":69,"column":6},"end":{"line":71,"column":9}},"21":{"start":{"line":73,"column":6},"end":{"line":73,"column":19}}},"fnMap":{"0":{"name":"(anonymous_0)","decl":{"start":{"line":17,"column":16},"end":{"line":17,"column":17}},"loc":{"start":{"line":17,"column":31},"end":{"line":22,"column":3}},"line":17},"1":{"name":"(anonymous_1)","decl":{"start":{"line":23,"column":16},"end":{"line":23,"column":17}},"loc":{"start":{"line":23,"column":27},"end":{"line":28,"column":3}},"line":23},"2":{"name":"(anonymous_2)","decl":{"start":{"line":29,"column":15},"end":{"line":29,"column":16}},"loc":{"start":{"line":29,"column":29},"end":{"line":34,"column":3}},"line":29},"3":{"name":"(anonymous_3)","decl":{"start":{"line":38,"column":15},"end":{"line":38,"column":16}},"loc":{"start":{"line":38,"column":47},"end":{"line":47,"column":3}},"line":38},"4":{"name":"(anonymous_4)","decl":{"start":{"line":38,"column":47},"end":{"line":38,"column":48}},"loc":{"start":{"line":38,"column":76},"end":{"line":47,"column":3}},"line":38},"5":{"name":"(anonymous_5)","decl":{"start":{"line":40,"column":12},"end":{"line":40,"column":13}},"loc":{"start":{"line":40,"column":18},"end":{"line":43,"column":7}},"line":40},"6":{"name":"(anonymous_6)","decl":{"start":{"line":44,"column":13},"end":{"line":44,"column":14}},"loc":{"start":{"line":44,"column":29},"end":{"line":46,"column":7}},"line":44},"7":{"name":"(anonymous_7)","decl":{"start":{"line":48,"column":15},"end":{"line":48,"column":16}},"loc":{"start":{"line":48,"column":28},"end":{"line":55,"column":3}},"line":48},"8":{"name":"(anonymous_8)","decl":{"start":{"line":48,"column":28},"end":{"line":48,"column":29}},"loc":{"start":{"line":48,"column":57},"end":{"line":55,"column":3}},"line":48},"9":{"name":"(anonymous_9)","decl":{"start":{"line":50,"column":12},"end":{"line":50,"column":13}},"loc":{"start":{"line":50,"column":26},"end":{"line":53,"column":7}},"line":50},"10":{"name":"(anonymous_10)","decl":{"start":{"line":54,"column":13},"end":{"line":54,"column":14}},"loc":{"start":{"line":54,"column":19},"end":{"line":54,"column":21}},"line":54},"11":{"name":"(anonymous_11)","decl":{"start":{"line":58,"column":16},"end":{"line":58,"column":17}},"loc":{"start":{"line":58,"column":50},"end":{"line":75,"column":1}},"line":58}},"branchMap":{"0":{"loc":{"start":{"line":58,"column":17},"end":{"line":58,"column":37}},"type":"default-arg","locations":[{"start":{"line":58,"column":25},"end":{"line":58,"column":37}}],"line":58},"1":{"loc":{"start":{"line":59,"column":2},"end":{"line":74,"column":3}},"type":"switch","locations":[{"start":{"line":60,"column":4},"end":{"line":63,"column":9}},{"start":{"line":64,"column":4},"end":{"line":67,"column":9}},{"start":{"line":68,"column":4},"end":{"line":71,"column":9}},{"start":{"line":72,"column":4},"end":{"line":73,"column":19}}],"line":59}},"s":{"0":4,"1":4,"2":4,"3":2,"4":1,"5":2,"6":4,"7":1,"8":1,"9":1,"10":1,"11":0,"12":1,"13":1,"14":1,"15":1,"16":4,"17":4,"18":1,"19":1,"20":1,"21":1},"f":{"0":2,"1":1,"2":2,"3":1,"4":1,"5":1,"6":0,"7":1,"8":1,"9":1,"10":0,"11":4},"b":{"0":[1],"1":[1,1,1,1]},"_coverageSchema":"1a1c01bbd47fc00a2c39e90264f33305004495a9","hash":"666a646e5384654c54a6e1d8553a616a6db600e6"}
,"/Users/a1/Desktop/41568-what-to-watch-4/src/reducer/comments/selectors.js": {"path":"/Users/a1/Desktop/41568-what-to-watch-4/src/reducer/comments/selectors.js","statementMap":{"0":{"start":{"line":3,"column":28},"end":{"line":5,"column":1}},"1":{"start":{"line":4,"column":2},"end":{"line":4,"column":45}},"2":{"start":{"line":7,"column":28},"end":{"line":9,"column":1}},"3":{"start":{"line":8,"column":2},"end":{"line":8,"column":45}},"4":{"start":{"line":11,"column":27},"end":{"line":13,"column":1}},"5":{"start":{"line":12,"column":2},"end":{"line":12,"column":44}}},"fnMap":{"0":{"name":"(anonymous_0)","decl":{"start":{"line":3,"column":28},"end":{"line":3,"column":29}},"loc":{"start":{"line":3,"column":39},"end":{"line":5,"column":1}},"line":3},"1":{"name":"(anonymous_1)","decl":{"start":{"line":7,"column":28},"end":{"line":7,"column":29}},"loc":{"start":{"line":7,"column":39},"end":{"line":9,"column":1}},"line":7},"2":{"name":"(anonymous_2)","decl":{"start":{"line":11,"column":27},"end":{"line":11,"column":28}},"loc":{"start":{"line":11,"column":38},"end":{"line":13,"column":1}},"line":11}},"branchMap":{},"s":{"0":3,"1":0,"2":3,"3":0,"4":3,"5":0},"f":{"0":0,"1":0,"2":0},"b":{},"_coverageSchema":"1a1c01bbd47fc00a2c39e90264f33305004495a9","hash":"bf2878b28b9a7963661aa33ce9ddb12558983308"}
,"/Users/a1/Desktop/41568-what-to-watch-4/src/reducer/data/data.js": {"path":"/Users/a1/Desktop/41568-what-to-watch-4/src/reducer/data/data.js","statementMap":{"0":{"start":{"line":5,"column":21},"end":{"line":12,"column":1}},"1":{"start":{"line":14,"column":19},"end":{"line":22,"column":1}},"2":{"start":{"line":24,"column":22},"end":{"line":70,"column":1}},"3":{"start":{"line":26,"column":4},"end":{"line":29,"column":6}},"4":{"start":{"line":32,"column":4},"end":{"line":35,"column":6}},"5":{"start":{"line":38,"column":4},"end":{"line":41,"column":6}},"6":{"start":{"line":44,"column":4},"end":{"line":50,"column":6}},"7":{"start":{"line":53,"column":4},"end":{"line":56,"column":6}},"8":{"start":{"line":59,"column":4},"end":{"line":62,"column":6}},"9":{"start":{"line":65,"column":4},"end":{"line":68,"column":6}},"10":{"start":{"line":72,"column":18},"end":{"line":114,"column":1}},"11":{"start":{"line":73,"column":20},"end":{"line":81,"column":3}},"12":{"start":{"line":74,"column":4},"end":{"line":80,"column":23}},"13":{"start":{"line":76,"column":23},"end":{"line":76,"column":51}},"14":{"start":{"line":77,"column":8},"end":{"line":77,"column":51}},"15":{"start":{"line":78,"column":8},"end":{"line":78,"column":56}},"16":{"start":{"line":82,"column":28},"end":{"line":90,"column":3}},"17":{"start":{"line":83,"column":4},"end":{"line":89,"column":23}},"18":{"start":{"line":85,"column":23},"end":{"line":85,"column":51}},"19":{"start":{"line":86,"column":8},"end":{"line":86,"column":59}},"20":{"start":{"line":87,"column":8},"end":{"line":87,"column":64}},"21":{"start":{"line":91,"column":19},"end":{"line":99,"column":3}},"22":{"start":{"line":92,"column":4},"end":{"line":98,"column":23}},"23":{"start":{"line":94,"column":27},"end":{"line":94,"column":54}},"24":{"start":{"line":95,"column":8},"end":{"line":95,"column":54}},"25":{"start":{"line":96,"column":8},"end":{"line":96,"column":60}},"26":{"start":{"line":100,"column":42},"end":{"line":113,"column":3}},"27":{"start":{"line":101,"column":4},"end":{"line":112,"column":23}},"28":{"start":{"line":103,"column":22},"end":{"line":103,"column":40}},"29":{"start":{"line":104,"column":29},"end":{"line":104,"column":69}},"30":{"start":{"line":106,"column":8},"end":{"line":106,"column":77}},"31":{"start":{"line":108,"column":8},"end":{"line":110,"column":9}},"32":{"start":{"line":109,"column":10},"end":{"line":109,"column":51}},"33":{"start":{"line":116,"column":16},"end":{"line":156,"column":1}},"34":{"start":{"line":117,"column":2},"end":{"line":155,"column":3}},"35":{"start":{"line":119,"column":6},"end":{"line":121,"column":9}},"36":{"start":{"line":123,"column":6},"end":{"line":125,"column":9}},"37":{"start":{"line":127,"column":6},"end":{"line":129,"column":9}},"38":{"start":{"line":131,"column":21},"end":{"line":136,"column":8}},"39":{"start":{"line":132,"column":8},"end":{"line":134,"column":9}},"40":{"start":{"line":133,"column":10},"end":{"line":133,"column":59}},"41":{"start":{"line":135,"column":8},"end":{"line":135,"column":25}},"42":{"start":{"line":138,"column":6},"end":{"line":140,"column":9}},"43":{"start":{"line":142,"column":6},"end":{"line":144,"column":9}},"44":{"start":{"line":146,"column":6},"end":{"line":148,"column":9}},"45":{"start":{"line":150,"column":6},"end":{"line":152,"column":9}},"46":{"start":{"line":154,"column":6},"end":{"line":154,"column":19}}},"fnMap":{"0":{"name":"(anonymous_0)","decl":{"start":{"line":25,"column":14},"end":{"line":25,"column":15}},"loc":{"start":{"line":25,"column":26},"end":{"line":30,"column":3}},"line":25},"1":{"name":"(anonymous_1)","decl":{"start":{"line":31,"column":22},"end":{"line":31,"column":23}},"loc":{"start":{"line":31,"column":34},"end":{"line":36,"column":3}},"line":31},"2":{"name":"(anonymous_2)","decl":{"start":{"line":37,"column":13},"end":{"line":37,"column":14}},"loc":{"start":{"line":37,"column":29},"end":{"line":42,"column":3}},"line":37},"3":{"name":"(anonymous_3)","decl":{"start":{"line":43,"column":21},"end":{"line":43,"column":22}},"loc":{"start":{"line":43,"column":46},"end":{"line":51,"column":3}},"line":43},"4":{"name":"(anonymous_4)","decl":{"start":{"line":52,"column":21},"end":{"line":52,"column":22}},"loc":{"start":{"line":52,"column":32},"end":{"line":57,"column":3}},"line":52},"5":{"name":"(anonymous_5)","decl":{"start":{"line":58,"column":29},"end":{"line":58,"column":30}},"loc":{"start":{"line":58,"column":40},"end":{"line":63,"column":3}},"line":58},"6":{"name":"(anonymous_6)","decl":{"start":{"line":64,"column":25},"end":{"line":64,"column":26}},"loc":{"start":{"line":64,"column":36},"end":{"line":69,"column":3}},"line":64},"7":{"name":"(anonymous_7)","decl":{"start":{"line":73,"column":14},"end":{"line":73,"column":15}},"loc":{"start":{"line":73,"column":20},"end":{"line":81,"column":3}},"line":73},"8":{"name":"(anonymous_8)","decl":{"start":{"line":73,"column":20},"end":{"line":73,"column":21}},"loc":{"start":{"line":73,"column":49},"end":{"line":81,"column":3}},"line":73},"9":{"name":"(anonymous_9)","decl":{"start":{"line":75,"column":12},"end":{"line":75,"column":13}},"loc":{"start":{"line":75,"column":26},"end":{"line":79,"column":7}},"line":75},"10":{"name":"(anonymous_10)","decl":{"start":{"line":80,"column":13},"end":{"line":80,"column":14}},"loc":{"start":{"line":80,"column":19},"end":{"line":80,"column":21}},"line":80},"11":{"name":"(anonymous_11)","decl":{"start":{"line":82,"column":22},"end":{"line":82,"column":23}},"loc":{"start":{"line":82,"column":28},"end":{"line":90,"column":3}},"line":82},"12":{"name":"(anonymous_12)","decl":{"start":{"line":82,"column":28},"end":{"line":82,"column":29}},"loc":{"start":{"line":82,"column":57},"end":{"line":90,"column":3}},"line":82},"13":{"name":"(anonymous_13)","decl":{"start":{"line":84,"column":12},"end":{"line":84,"column":13}},"loc":{"start":{"line":84,"column":26},"end":{"line":88,"column":7}},"line":84},"14":{"name":"(anonymous_14)","decl":{"start":{"line":89,"column":13},"end":{"line":89,"column":14}},"loc":{"start":{"line":89,"column":19},"end":{"line":89,"column":21}},"line":89},"15":{"name":"(anonymous_15)","decl":{"start":{"line":91,"column":13},"end":{"line":91,"column":14}},"loc":{"start":{"line":91,"column":19},"end":{"line":99,"column":3}},"line":91},"16":{"name":"(anonymous_16)","decl":{"start":{"line":91,"column":19},"end":{"line":91,"column":20}},"loc":{"start":{"line":91,"column":48},"end":{"line":99,"column":3}},"line":91},"17":{"name":"(anonymous_17)","decl":{"start":{"line":93,"column":12},"end":{"line":93,"column":13}},"loc":{"start":{"line":93,"column":26},"end":{"line":97,"column":7}},"line":93},"18":{"name":"(anonymous_18)","decl":{"start":{"line":98,"column":13},"end":{"line":98,"column":14}},"loc":{"start":{"line":98,"column":19},"end":{"line":98,"column":21}},"line":98},"19":{"name":"(anonymous_19)","decl":{"start":{"line":100,"column":21},"end":{"line":100,"column":22}},"loc":{"start":{"line":100,"column":42},"end":{"line":113,"column":3}},"line":100},"20":{"name":"(anonymous_20)","decl":{"start":{"line":100,"column":42},"end":{"line":100,"column":43}},"loc":{"start":{"line":100,"column":71},"end":{"line":113,"column":3}},"line":100},"21":{"name":"(anonymous_21)","decl":{"start":{"line":102,"column":12},"end":{"line":102,"column":13}},"loc":{"start":{"line":102,"column":24},"end":{"line":111,"column":7}},"line":102},"22":{"name":"(anonymous_22)","decl":{"start":{"line":112,"column":13},"end":{"line":112,"column":14}},"loc":{"start":{"line":112,"column":19},"end":{"line":112,"column":21}},"line":112},"23":{"name":"(anonymous_23)","decl":{"start":{"line":116,"column":16},"end":{"line":116,"column":17}},"loc":{"start":{"line":116,"column":50},"end":{"line":156,"column":1}},"line":116},"24":{"name":"(anonymous_24)","decl":{"start":{"line":131,"column":38},"end":{"line":131,"column":39}},"loc":{"start":{"line":131,"column":53},"end":{"line":136,"column":7}},"line":131}},"branchMap":{"0":{"loc":{"start":{"line":101,"column":43},"end":{"line":101,"column":57}},"type":"cond-expr","locations":[{"start":{"line":101,"column":52},"end":{"line":101,"column":53}},{"start":{"line":101,"column":56},"end":{"line":101,"column":57}}],"line":101},"1":{"loc":{"start":{"line":108,"column":8},"end":{"line":110,"column":9}},"type":"if","locations":[{"start":{"line":108,"column":8},"end":{"line":110,"column":9}},{"start":{"line":108,"column":8},"end":{"line":110,"column":9}}],"line":108},"2":{"loc":{"start":{"line":116,"column":17},"end":{"line":116,"column":37}},"type":"default-arg","locations":[{"start":{"line":116,"column":25},"end":{"line":116,"column":37}}],"line":116},"3":{"loc":{"start":{"line":117,"column":2},"end":{"line":155,"column":3}},"type":"switch","locations":[{"start":{"line":118,"column":4},"end":{"line":121,"column":9}},{"start":{"line":122,"column":4},"end":{"line":125,"column":9}},{"start":{"line":126,"column":4},"end":{"line":129,"column":9}},{"start":{"line":130,"column":4},"end":{"line":140,"column":9}},{"start":{"line":141,"column":4},"end":{"line":144,"column":9}},{"start":{"line":145,"column":4},"end":{"line":148,"column":9}},{"start":{"line":149,"column":4},"end":{"line":152,"column":9}},{"start":{"line":153,"column":4},"end":{"line":154,"column":19}}],"line":117},"4":{"loc":{"start":{"line":132,"column":8},"end":{"line":134,"column":9}},"type":"if","locations":[{"start":{"line":132,"column":8},"end":{"line":134,"column":9}},{"start":{"line":132,"column":8},"end":{"line":134,"column":9}}],"line":132}},"s":{"0":7,"1":7,"2":7,"3":2,"4":2,"5":3,"6":2,"7":2,"8":2,"9":2,"10":7,"11":1,"12":1,"13":1,"14":1,"15":1,"16":1,"17":1,"18":1,"19":1,"20":1,"21":1,"22":1,"23":1,"24":1,"25":1,"26":1,"27":1,"28":1,"29":1,"30":1,"31":1,"32":1,"33":7,"34":8,"35":1,"36":1,"37":1,"38":1,"39":1,"40":1,"41":1,"42":1,"43":1,"44":1,"45":1,"46":1},"f":{"0":2,"1":2,"2":3,"3":2,"4":2,"5":2,"6":2,"7":1,"8":1,"9":1,"10":0,"11":1,"12":1,"13":1,"14":0,"15":1,"16":1,"17":1,"18":0,"19":1,"20":1,"21":1,"22":0,"23":8,"24":1},"b":{"0":[1,0],"1":[1,0],"2":[1],"3":[1,1,1,1,1,1,1,1],"4":[1,0]},"_coverageSchema":"1a1c01bbd47fc00a2c39e90264f33305004495a9","hash":"2483a36b1820c91e9b6a2132e26c42ae858cdb09"}
,"/Users/a1/Desktop/41568-what-to-watch-4/src/reducer/data/selectors.js": {"path":"/Users/a1/Desktop/41568-what-to-watch-4/src/reducer/data/selectors.js","statementMap":{"0":{"start":{"line":6,"column":25},"end":{"line":8,"column":1}},"1":{"start":{"line":7,"column":2},"end":{"line":7,"column":38}},"2":{"start":{"line":10,"column":33},"end":{"line":12,"column":1}},"3":{"start":{"line":11,"column":2},"end":{"line":11,"column":46}},"4":{"start":{"line":14,"column":39},"end":{"line":16,"column":1}},"5":{"start":{"line":15,"column":2},"end":{"line":15,"column":54}},"6":{"start":{"line":18,"column":28},"end":{"line":24,"column":1}},"7":{"start":{"line":19,"column":23},"end":{"line":19,"column":43}},"8":{"start":{"line":22,"column":6},"end":{"line":22,"column":58}},"9":{"start":{"line":22,"column":36},"end":{"line":22,"column":56}},"10":{"start":{"line":26,"column":29},"end":{"line":28,"column":1}},"11":{"start":{"line":27,"column":2},"end":{"line":27,"column":42}},"12":{"start":{"line":30,"column":32},"end":{"line":41,"column":1}},"13":{"start":{"line":34,"column":6},"end":{"line":39,"column":9}},"14":{"start":{"line":35,"column":8},"end":{"line":37,"column":9}},"15":{"start":{"line":36,"column":10},"end":{"line":36,"column":22}},"16":{"start":{"line":38,"column":8},"end":{"line":38,"column":41}},"17":{"start":{"line":43,"column":25},"end":{"line":48,"column":1}},"18":{"start":{"line":46,"column":6},"end":{"line":46,"column":51}},"19":{"start":{"line":46,"column":38},"end":{"line":46,"column":49}},"20":{"start":{"line":50,"column":28},"end":{"line":55,"column":1}},"21":{"start":{"line":53,"column":6},"end":{"line":53,"column":98}},"22":{"start":{"line":57,"column":33},"end":{"line":59,"column":1}},"23":{"start":{"line":58,"column":2},"end":{"line":58,"column":46}},"24":{"start":{"line":61,"column":37},"end":{"line":63,"column":1}},"25":{"start":{"line":62,"column":2},"end":{"line":62,"column":50}}},"fnMap":{"0":{"name":"(anonymous_0)","decl":{"start":{"line":6,"column":25},"end":{"line":6,"column":26}},"loc":{"start":{"line":6,"column":36},"end":{"line":8,"column":1}},"line":6},"1":{"name":"(anonymous_1)","decl":{"start":{"line":10,"column":33},"end":{"line":10,"column":34}},"loc":{"start":{"line":10,"column":44},"end":{"line":12,"column":1}},"line":10},"2":{"name":"(anonymous_2)","decl":{"start":{"line":14,"column":39},"end":{"line":14,"column":40}},"loc":{"start":{"line":14,"column":50},"end":{"line":16,"column":1}},"line":14},"3":{"name":"(anonymous_3)","decl":{"start":{"line":19,"column":4},"end":{"line":19,"column":5}},"loc":{"start":{"line":19,"column":23},"end":{"line":19,"column":43}},"line":19},"4":{"name":"(anonymous_4)","decl":{"start":{"line":21,"column":4},"end":{"line":21,"column":5}},"loc":{"start":{"line":21,"column":25},"end":{"line":23,"column":5}},"line":21},"5":{"name":"(anonymous_5)","decl":{"start":{"line":22,"column":25},"end":{"line":22,"column":26}},"loc":{"start":{"line":22,"column":36},"end":{"line":22,"column":56}},"line":22},"6":{"name":"(anonymous_6)","decl":{"start":{"line":26,"column":29},"end":{"line":26,"column":30}},"loc":{"start":{"line":26,"column":40},"end":{"line":28,"column":1}},"line":26},"7":{"name":"(anonymous_7)","decl":{"start":{"line":33,"column":4},"end":{"line":33,"column":5}},"loc":{"start":{"line":33,"column":30},"end":{"line":40,"column":5}},"line":33},"8":{"name":"(anonymous_8)","decl":{"start":{"line":34,"column":30},"end":{"line":34,"column":31}},"loc":{"start":{"line":34,"column":41},"end":{"line":39,"column":7}},"line":34},"9":{"name":"(anonymous_9)","decl":{"start":{"line":45,"column":4},"end":{"line":45,"column":5}},"loc":{"start":{"line":45,"column":19},"end":{"line":47,"column":5}},"line":45},"10":{"name":"(anonymous_10)","decl":{"start":{"line":46,"column":27},"end":{"line":46,"column":28}},"loc":{"start":{"line":46,"column":38},"end":{"line":46,"column":49}},"line":46},"11":{"name":"(anonymous_11)","decl":{"start":{"line":52,"column":4},"end":{"line":52,"column":5}},"loc":{"start":{"line":52,"column":19},"end":{"line":54,"column":5}},"line":52},"12":{"name":"(anonymous_12)","decl":{"start":{"line":57,"column":33},"end":{"line":57,"column":34}},"loc":{"start":{"line":57,"column":44},"end":{"line":59,"column":1}},"line":57},"13":{"name":"(anonymous_13)","decl":{"start":{"line":61,"column":37},"end":{"line":61,"column":38}},"loc":{"start":{"line":61,"column":48},"end":{"line":63,"column":1}},"line":61}},"branchMap":{"0":{"loc":{"start":{"line":35,"column":8},"end":{"line":37,"column":9}},"type":"if","locations":[{"start":{"line":35,"column":8},"end":{"line":37,"column":9}},{"start":{"line":35,"column":8},"end":{"line":37,"column":9}}],"line":35}},"s":{"0":6,"1":2,"2":6,"3":0,"4":6,"5":0,"6":6,"7":0,"8":0,"9":0,"10":6,"11":1,"12":6,"13":1,"14":0,"15":0,"16":0,"17":6,"18":1,"19":0,"20":6,"21":1,"22":6,"23":0,"24":6,"25":0},"f":{"0":2,"1":0,"2":0,"3":0,"4":0,"5":0,"6":1,"7":1,"8":0,"9":1,"10":0,"11":1,"12":0,"13":0},"b":{"0":[0,0]},"_coverageSchema":"1a1c01bbd47fc00a2c39e90264f33305004495a9","hash":"e4467665f785abcf1314cc4eeb34f6a3b9ecd3da"}
,"/Users/a1/Desktop/41568-what-to-watch-4/src/reducer/user/selectors.js": {"path":"/Users/a1/Desktop/41568-what-to-watch-4/src/reducer/user/selectors.js","statementMap":{"0":{"start":{"line":3,"column":29},"end":{"line":5,"column":1}},"1":{"start":{"line":4,"column":2},"end":{"line":4,"column":51}},"2":{"start":{"line":7,"column":25},"end":{"line":9,"column":1}},"3":{"start":{"line":8,"column":2},"end":{"line":8,"column":38}},"4":{"start":{"line":11,"column":31},"end":{"line":13,"column":1}},"5":{"start":{"line":12,"column":2},"end":{"line":12,"column":50}},"6":{"start":{"line":15,"column":36},"end":{"line":17,"column":1}},"7":{"start":{"line":16,"column":2},"end":{"line":16,"column":49}}},"fnMap":{"0":{"name":"(anonymous_0)","decl":{"start":{"line":3,"column":29},"end":{"line":3,"column":30}},"loc":{"start":{"line":3,"column":40},"end":{"line":5,"column":1}},"line":3},"1":{"name":"(anonymous_1)","decl":{"start":{"line":7,"column":25},"end":{"line":7,"column":26}},"loc":{"start":{"line":7,"column":36},"end":{"line":9,"column":1}},"line":7},"2":{"name":"(anonymous_2)","decl":{"start":{"line":11,"column":31},"end":{"line":11,"column":32}},"loc":{"start":{"line":11,"column":42},"end":{"line":13,"column":1}},"line":11},"3":{"name":"(anonymous_3)","decl":{"start":{"line":15,"column":36},"end":{"line":15,"column":37}},"loc":{"start":{"line":15,"column":47},"end":{"line":17,"column":1}},"line":15}},"branchMap":{},"s":{"0":11,"1":7,"2":11,"3":6,"4":11,"5":1,"6":11,"7":0},"f":{"0":7,"1":6,"2":1,"3":0},"b":{},"_coverageSchema":"1a1c01bbd47fc00a2c39e90264f33305004495a9","hash":"cffab120f6c3403d2243d508f55fdf3d349183b2"}
,"/Users/a1/Desktop/41568-what-to-watch-4/src/reducer/user/user.js": {"path":"/Users/a1/Desktop/41568-what-to-watch-4/src/reducer/user/user.js","statementMap":{"0":{"start":{"line":4,"column":28},"end":{"line":7,"column":1}},"1":{"start":{"line":9,"column":22},"end":{"line":9,"column":38}},"2":{"start":{"line":11,"column":21},"end":{"line":16,"column":1}},"3":{"start":{"line":18,"column":19},"end":{"line":23,"column":1}},"4":{"start":{"line":25,"column":22},"end":{"line":50,"column":1}},"5":{"start":{"line":27,"column":4},"end":{"line":30,"column":6}},"6":{"start":{"line":33,"column":4},"end":{"line":36,"column":6}},"7":{"start":{"line":39,"column":4},"end":{"line":42,"column":6}},"8":{"start":{"line":45,"column":4},"end":{"line":48,"column":6}},"9":{"start":{"line":52,"column":18},"end":{"line":77,"column":1}},"10":{"start":{"line":53,"column":19},"end":{"line":63,"column":3}},"11":{"start":{"line":54,"column":4},"end":{"line":62,"column":9}},"12":{"start":{"line":56,"column":8},"end":{"line":56,"column":75}},"13":{"start":{"line":57,"column":8},"end":{"line":57,"column":71}},"14":{"start":{"line":58,"column":8},"end":{"line":58,"column":59}},"15":{"start":{"line":61,"column":8},"end":{"line":61,"column":59}},"16":{"start":{"line":64,"column":32},"end":{"line":76,"column":3}},"17":{"start":{"line":65,"column":4},"end":{"line":75,"column":9}},"18":{"start":{"line":70,"column":8},"end":{"line":70,"column":75}},"19":{"start":{"line":71,"column":8},"end":{"line":71,"column":71}},"20":{"start":{"line":74,"column":8},"end":{"line":74,"column":66}},"21":{"start":{"line":79,"column":16},"end":{"line":100,"column":1}},"22":{"start":{"line":80,"column":2},"end":{"line":99,"column":3}},"23":{"start":{"line":82,"column":6},"end":{"line":84,"column":9}},"24":{"start":{"line":86,"column":6},"end":{"line":88,"column":9}},"25":{"start":{"line":90,"column":6},"end":{"line":92,"column":9}},"26":{"start":{"line":94,"column":6},"end":{"line":96,"column":9}},"27":{"start":{"line":98,"column":6},"end":{"line":98,"column":19}}},"fnMap":{"0":{"name":"(anonymous_0)","decl":{"start":{"line":26,"column":20},"end":{"line":26,"column":21}},"loc":{"start":{"line":26,"column":32},"end":{"line":31,"column":3}},"line":26},"1":{"name":"(anonymous_1)","decl":{"start":{"line":32,"column":13},"end":{"line":32,"column":14}},"loc":{"start":{"line":32,"column":27},"end":{"line":37,"column":3}},"line":32},"2":{"name":"(anonymous_2)","decl":{"start":{"line":38,"column":16},"end":{"line":38,"column":17}},"loc":{"start":{"line":38,"column":34},"end":{"line":43,"column":3}},"line":38},"3":{"name":"(anonymous_3)","decl":{"start":{"line":44,"column":24},"end":{"line":44,"column":25}},"loc":{"start":{"line":44,"column":35},"end":{"line":49,"column":3}},"line":44},"4":{"name":"(anonymous_4)","decl":{"start":{"line":53,"column":13},"end":{"line":53,"column":14}},"loc":{"start":{"line":53,"column":19},"end":{"line":63,"column":3}},"line":53},"5":{"name":"(anonymous_5)","decl":{"start":{"line":53,"column":19},"end":{"line":53,"column":20}},"loc":{"start":{"line":53,"column":48},"end":{"line":63,"column":3}},"line":53},"6":{"name":"(anonymous_6)","decl":{"start":{"line":55,"column":12},"end":{"line":55,"column":13}},"loc":{"start":{"line":55,"column":24},"end":{"line":59,"column":7}},"line":55},"7":{"name":"(anonymous_7)","decl":{"start":{"line":60,"column":13},"end":{"line":60,"column":14}},"loc":{"start":{"line":60,"column":19},"end":{"line":62,"column":7}},"line":60},"8":{"name":"(anonymous_8)","decl":{"start":{"line":64,"column":9},"end":{"line":64,"column":10}},"loc":{"start":{"line":64,"column":32},"end":{"line":76,"column":3}},"line":64},"9":{"name":"(anonymous_9)","decl":{"start":{"line":64,"column":32},"end":{"line":64,"column":33}},"loc":{"start":{"line":64,"column":61},"end":{"line":76,"column":3}},"line":64},"10":{"name":"(anonymous_10)","decl":{"start":{"line":69,"column":12},"end":{"line":69,"column":13}},"loc":{"start":{"line":69,"column":24},"end":{"line":72,"column":7}},"line":69},"11":{"name":"(anonymous_11)","decl":{"start":{"line":73,"column":13},"end":{"line":73,"column":14}},"loc":{"start":{"line":73,"column":29},"end":{"line":75,"column":7}},"line":73},"12":{"name":"(anonymous_12)","decl":{"start":{"line":79,"column":16},"end":{"line":79,"column":17}},"loc":{"start":{"line":79,"column":50},"end":{"line":100,"column":1}},"line":79}},"branchMap":{"0":{"loc":{"start":{"line":79,"column":17},"end":{"line":79,"column":37}},"type":"default-arg","locations":[{"start":{"line":79,"column":25},"end":{"line":79,"column":37}}],"line":79},"1":{"loc":{"start":{"line":80,"column":2},"end":{"line":99,"column":3}},"type":"switch","locations":[{"start":{"line":81,"column":4},"end":{"line":84,"column":9}},{"start":{"line":85,"column":4},"end":{"line":88,"column":9}},{"start":{"line":89,"column":4},"end":{"line":92,"column":9}},{"start":{"line":93,"column":4},"end":{"line":96,"column":9}},{"start":{"line":97,"column":4},"end":{"line":98,"column":19}}],"line":80}},"s":{"0":12,"1":12,"2":12,"3":12,"4":12,"5":3,"6":3,"7":2,"8":2,"9":12,"10":1,"11":1,"12":1,"13":1,"14":1,"15":0,"16":2,"17":2,"18":1,"19":1,"20":1,"21":12,"22":5,"23":1,"24":1,"25":1,"26":1,"27":1},"f":{"0":3,"1":3,"2":2,"3":2,"4":1,"5":1,"6":1,"7":0,"8":2,"9":2,"10":1,"11":1,"12":5},"b":{"0":[1],"1":[1,1,1,1,1]},"_coverageSchema":"1a1c01bbd47fc00a2c39e90264f33305004495a9","hash":"f6b38b0cfa2faf79d4e6ed715757579dab293324"}
,"/Users/a1/Desktop/41568-what-to-watch-4/src/utils/utils.js": {"path":"/Users/a1/Desktop/41568-what-to-watch-4/src/utils/utils.js","statementMap":{"0":{"start":{"line":3,"column":33},"end":{"line":3,"column":45}},"1":{"start":{"line":5,"column":28},"end":{"line":5,"column":62}},"2":{"start":{"line":7,"column":34},"end":{"line":7,"column":35}},"3":{"start":{"line":9,"column":31},"end":{"line":9,"column":32}},"4":{"start":{"line":11,"column":36},"end":{"line":11,"column":37}},"5":{"start":{"line":13,"column":23},"end":{"line":13,"column":54}},"6":{"start":{"line":15,"column":16},"end":{"line":15,"column":18}},"7":{"start":{"line":17,"column":27},"end":{"line":23,"column":1}},"8":{"start":{"line":25,"column":29},"end":{"line":28,"column":1}},"9":{"start":{"line":30,"column":23},"end":{"line":32,"column":1}},"10":{"start":{"line":34,"column":24},"end":{"line":41,"column":1}},"11":{"start":{"line":43,"column":29},"end":{"line":58,"column":1}},"12":{"start":{"line":44,"column":2},"end":{"line":46,"column":3}},"13":{"start":{"line":45,"column":4},"end":{"line":45,"column":34}},"14":{"start":{"line":47,"column":2},"end":{"line":49,"column":3}},"15":{"start":{"line":48,"column":4},"end":{"line":48,"column":37}},"16":{"start":{"line":50,"column":2},"end":{"line":52,"column":3}},"17":{"start":{"line":51,"column":4},"end":{"line":51,"column":35}},"18":{"start":{"line":53,"column":2},"end":{"line":55,"column":3}},"19":{"start":{"line":54,"column":4},"end":{"line":54,"column":40}},"20":{"start":{"line":57,"column":2},"end":{"line":57,"column":36}},"21":{"start":{"line":60,"column":23},"end":{"line":66,"column":1}},"22":{"start":{"line":61,"column":16},"end":{"line":61,"column":33}},"23":{"start":{"line":62,"column":20},"end":{"line":62,"column":37}},"24":{"start":{"line":63,"column":22},"end":{"line":63,"column":63}},"25":{"start":{"line":65,"column":2},"end":{"line":65,"column":34}},"26":{"start":{"line":68,"column":22},"end":{"line":70,"column":1}},"27":{"start":{"line":69,"column":2},"end":{"line":69,"column":33}},"28":{"start":{"line":72,"column":36},"end":{"line":74,"column":1}},"29":{"start":{"line":73,"column":2},"end":{"line":73,"column":46}}},"fnMap":{"0":{"name":"(anonymous_0)","decl":{"start":{"line":43,"column":29},"end":{"line":43,"column":30}},"loc":{"start":{"line":43,"column":41},"end":{"line":58,"column":1}},"line":43},"1":{"name":"(anonymous_1)","decl":{"start":{"line":60,"column":23},"end":{"line":60,"column":24}},"loc":{"start":{"line":60,"column":36},"end":{"line":66,"column":1}},"line":60},"2":{"name":"(anonymous_2)","decl":{"start":{"line":68,"column":22},"end":{"line":68,"column":23}},"loc":{"start":{"line":68,"column":32},"end":{"line":70,"column":1}},"line":68},"3":{"name":"(anonymous_3)","decl":{"start":{"line":72,"column":36},"end":{"line":72,"column":37}},"loc":{"start":{"line":72,"column":46},"end":{"line":74,"column":1}},"line":72}},"branchMap":{"0":{"loc":{"start":{"line":44,"column":2},"end":{"line":46,"column":3}},"type":"if","locations":[{"start":{"line":44,"column":2},"end":{"line":46,"column":3}},{"start":{"line":44,"column":2},"end":{"line":46,"column":3}}],"line":44},"1":{"loc":{"start":{"line":47,"column":2},"end":{"line":49,"column":3}},"type":"if","locations":[{"start":{"line":47,"column":2},"end":{"line":49,"column":3}},{"start":{"line":47,"column":2},"end":{"line":49,"column":3}}],"line":47},"2":{"loc":{"start":{"line":47,"column":6},"end":{"line":47,"column":31}},"type":"binary-expr","locations":[{"start":{"line":47,"column":6},"end":{"line":47,"column":17}},{"start":{"line":47,"column":21},"end":{"line":47,"column":31}}],"line":47},"3":{"loc":{"start":{"line":50,"column":2},"end":{"line":52,"column":3}},"type":"if","locations":[{"start":{"line":50,"column":2},"end":{"line":52,"column":3}},{"start":{"line":50,"column":2},"end":{"line":52,"column":3}}],"line":50},"4":{"loc":{"start":{"line":50,"column":6},"end":{"line":50,"column":31}},"type":"binary-expr","locations":[{"start":{"line":50,"column":6},"end":{"line":50,"column":17}},{"start":{"line":50,"column":21},"end":{"line":50,"column":31}}],"line":50},"5":{"loc":{"start":{"line":53,"column":2},"end":{"line":55,"column":3}},"type":"if","locations":[{"start":{"line":53,"column":2},"end":{"line":55,"column":3}},{"start":{"line":53,"column":2},"end":{"line":55,"column":3}}],"line":53},"6":{"loc":{"start":{"line":53,"column":6},"end":{"line":53,"column":32}},"type":"binary-expr","locations":[{"start":{"line":53,"column":6},"end":{"line":53,"column":17}},{"start":{"line":53,"column":21},"end":{"line":53,"column":32}}],"line":53}},"s":{"0":21,"1":21,"2":21,"3":21,"4":21,"5":21,"6":21,"7":21,"8":21,"9":21,"10":21,"11":21,"12":3,"13":0,"14":3,"15":0,"16":3,"17":2,"18":1,"19":1,"20":0,"21":21,"22":1,"23":1,"24":1,"25":1,"26":21,"27":18,"28":21,"29":1},"f":{"0":3,"1":1,"2":18,"3":1},"b":{"0":[0,3],"1":[0,3],"2":[3,3],"3":[2,1],"4":[3,3],"5":[1,0],"6":[1,1]},"_coverageSchema":"1a1c01bbd47fc00a2c39e90264f33305004495a9","hash":"c07f028a00d04bd7dd4e0022da3ad2187927f250"}
}
