TN:
SF:src/history.js
FNF:0
FNH:0
DA:3,3
LF:1
LH:1
BRF:0
BRH:0
end_of_record
TN:
SF:src/adapters/movies.js
FN:1,(anonymous_0)
FN:26,(anonymous_1)
FNF:2
FNH:2
FNDA:18,(anonymous_0)
FNDA:10,(anonymous_1)
DA:1,6
DA:2,18
DA:26,6
DA:27,10
LF:4
LH:4
BRF:0
BRH:0
end_of_record
TN:
SF:src/adapters/user.js
FN:1,(anonymous_0)
FNF:1
FNH:1
FNDA:2,(anonymous_0)
DA:1,9
DA:2,2
LF:2
LH:2
BRF:0
BRH:0
end_of_record
TN:
SF:src/api/api.js
FN:10,(anonymous_0)
FN:17,(anonymous_1)
FN:21,(anonymous_2)
FNF:3
FNH:3
FNDA:3,(anonymous_0)
FNDA:8,(anonymous_1)
FNDA:1,(anonymous_2)
DA:4,3
DA:6,3
DA:10,3
DA:11,3
DA:17,3
DA:18,8
DA:21,3
DA:22,1
DA:24,1
DA:25,0
DA:28,1
DA:31,3
DA:33,3
LF:13
LH:12
BRDA:24,0,0,0
BRDA:24,0,1,1
BRF:2
BRH:1
end_of_record
TN:
SF:src/components/add-review/add-review.jsx
FN:9,(anonymous_0)
FN:13,(anonymous_1)
FN:21,(anonymous_2)
FNF:3
FNH:3
FNDA:1,(anonymous_0)
FNDA:1,(anonymous_1)
FNDA:1,(anonymous_2)
DA:10,1
DA:14,1
DA:16,1
DA:22,1
DA:23,1
DA:25,1
DA:153,2
LF:7
LH:7
BRDA:23,0,0,1
BRDA:23,0,1,0
BRDA:23,0,2,0
BRDA:23,0,3,0
BRDA:71,1,0,1
BRDA:71,1,1,0
BRF:6
BRH:2
end_of_record
TN:
SF:src/components/app/app.jsx
FN:23,(anonymous_0)
FN:44,(anonymous_1)
FNF:2
FNH:1
FNDA:1,(anonymous_0)
FNDA:0,(anonymous_1)
DA:20,1
DA:21,1
DA:23,1
DA:24,1
DA:25,0
DA:28,1
DA:44,1
DA:45,0
DA:50,1
LF:9
LH:7
BRDA:24,0,0,0
BRDA:24,0,1,1
BRDA:46,1,0,0
BRDA:46,1,1,0
BRDA:46,1,2,0
BRF:5
BRH:1
end_of_record
TN:
SF:src/components/genres-list/genres-list.jsx
FN:4,(anonymous_0)
FN:9,(anonymous_1)
FN:17,(anonymous_2)
FNF:3
FNH:2
FNDA:3,(anonymous_0)
FNDA:9,(anonymous_1)
FNDA:0,(anonymous_2)
DA:4,4
DA:5,3
DA:7,3
DA:10,9
DA:18,0
DA:19,0
DA:30,4
LF:7
LH:5
BRDA:12,0,0,1
BRDA:12,0,1,8
BRF:2
BRH:2
end_of_record
TN:
SF:src/components/main/main.jsx
FN:22,(anonymous_0)
FN:32,(anonymous_1)
FN:36,(anonymous_2)
FN:40,(anonymous_3)
FN:47,(anonymous_4)
FN:52,(anonymous_5)
FN:56,(anonymous_6)
FN:179,(anonymous_7)
FNF:8
FNH:3
FNDA:2,(anonymous_0)
FNDA:0,(anonymous_1)
FNDA:0,(anonymous_2)
FNDA:0,(anonymous_3)
FNDA:0,(anonymous_4)
FNDA:0,(anonymous_5)
FNDA:2,(anonymous_6)
FNDA:1,(anonymous_7)
DA:19,3
DA:23,2
DA:25,2
DA:26,2
DA:27,2
DA:28,2
DA:29,2
DA:33,0
DA:37,0
DA:41,0
DA:43,0
DA:44,0
DA:48,0
DA:49,0
DA:53,0
DA:57,2
DA:59,2
DA:154,3
DA:179,3
DA:180,1
DA:181,1
DA:182,1
DA:183,1
DA:184,1
DA:185,1
DA:186,1
DA:188,1
DA:197,3
LF:28
LH:20
BRDA:129,0,0,0
BRDA:129,0,1,2
BRF:2
BRH:1
end_of_record
TN:
SF:src/components/movie-card-description/movie-card-description.jsx
FN:11,(anonymous_0)
FN:15,(anonymous_1)
FN:33,(anonymous_2)
FN:40,(anonymous_3)
FNF:4
FNH:4
FNDA:2,(anonymous_0)
FNDA:2,(anonymous_1)
FNDA:2,(anonymous_2)
FNDA:6,(anonymous_3)
DA:12,2
DA:16,2
DA:18,0
DA:22,0
DA:27,2
DA:34,2
DA:36,2
DA:41,6
DA:56,3
LF:9
LH:7
BRDA:16,0,0,0
BRDA:16,0,1,0
BRDA:16,0,2,2
BRF:3
BRH:1
end_of_record
TN:
SF:src/components/movie-card-navigation-item/movie-card-navigation-item.jsx
FN:4,(anonymous_0)
FN:7,(anonymous_1)
FNF:2
FNH:1
FNDA:7,(anonymous_0)
FNDA:0,(anonymous_1)
DA:4,4
DA:5,7
DA:7,7
DA:8,0
DA:9,0
DA:12,7
DA:23,4
LF:7
LH:5
BRDA:16,0,0,3
BRDA:16,0,1,4
BRF:2
BRH:2
end_of_record
TN:
SF:src/components/movie-page/movie-page.jsx
FN:21,(anonymous_0)
FN:29,(anonymous_1)
FN:33,(anonymous_2)
FN:37,(anonymous_3)
FN:42,(anonymous_4)
FN:46,(anonymous_5)
FN:179,(anonymous_6)
FN:185,(anonymous_7)
FNF:8
FNH:3
FNDA:1,(anonymous_0)
FNDA:1,(anonymous_1)
FNDA:0,(anonymous_2)
FNDA:0,(anonymous_3)
FNDA:0,(anonymous_4)
FNDA:1,(anonymous_5)
FNDA:0,(anonymous_6)
FNDA:0,(anonymous_7)
DA:17,2
DA:18,2
DA:22,1
DA:24,1
DA:25,1
DA:26,1
DA:30,1
DA:34,0
DA:38,0
DA:39,0
DA:43,0
DA:47,1
DA:48,1
DA:50,1
DA:151,2
DA:179,2
DA:180,0
DA:181,0
DA:182,0
DA:183,0
DA:185,0
DA:186,0
DA:187,0
DA:190,0
DA:193,0
DA:200,2
LF:26
LH:13
BRDA:186,0,0,0
BRDA:186,0,1,0
BRF:2
BRH:0
end_of_record
TN:
SF:src/components/movie-page-details/movie-page-details.jsx
FN:6,(anonymous_0)
FNF:1
FNH:1
FNDA:1,(anonymous_0)
DA:6,4
DA:7,1
DA:8,1
DA:9,1
DA:11,1
DA:13,1
DA:46,4
LF:7
LH:7
BRF:0
BRH:0
end_of_record
TN:
SF:src/components/movie-page-overview/movie-page-overview.jsx
FN:5,(anonymous_0)
FNF:1
FNH:1
FNDA:3,(anonymous_0)
DA:5,4
DA:6,3
DA:7,3
DA:8,3
DA:9,3
DA:11,3
DA:13,3
DA:34,4
LF:8
LH:8
BRF:0
BRH:0
end_of_record
TN:
SF:src/components/movie-page-review/movie-page-reviews.jsx
FN:6,(anonymous_0)
FN:13,(anonymous_1)
FNF:2
FNH:2
FNDA:1,(anonymous_0)
FNDA:1,(anonymous_1)
DA:6,4
DA:7,1
DA:9,1
DA:14,1
DA:15,1
DA:39,4
LF:6
LH:6
BRF:0
BRH:0
end_of_record
TN:
SF:src/components/my-list/my-list.jsx
FN:11,(anonymous_0)
FN:17,(anonymous_1)
FN:23,(anonymous_2)
FN:27,(anonymous_3)
FN:84,(anonymous_4)
FNF:5
FNH:3
FNDA:1,(anonymous_0)
FNDA:1,(anonymous_1)
FNDA:0,(anonymous_2)
FNDA:1,(anonymous_3)
FNDA:0,(anonymous_4)
DA:12,1
DA:14,1
DA:18,1
DA:20,1
DA:24,0
DA:28,1
DA:30,1
DA:31,0
DA:34,1
DA:75,2
DA:84,2
DA:85,0
DA:86,0
DA:88,0
DA:94,2
LF:15
LH:10
BRDA:30,0,0,0
BRDA:30,0,1,1
BRF:2
BRH:1
end_of_record
TN:
SF:src/components/my-list-button/my-list-button.jsx
FN:4,(anonymous_0)
FN:7,(anonymous_1)
FN:15,(anonymous_2)
FN:23,(anonymous_3)
FNF:4
FNH:3
FNDA:4,(anonymous_0)
FNDA:3,(anonymous_1)
FNDA:1,(anonymous_2)
FNDA:0,(anonymous_3)
DA:4,5
DA:5,4
DA:7,4
DA:8,3
DA:15,4
DA:16,1
DA:23,4
DA:24,0
DA:27,4
DA:39,5
LF:10
LH:9
BRDA:33,0,0,1
BRDA:33,0,1,3
BRF:2
BRH:2
end_of_record
TN:
SF:src/components/private-route/private-route.jsx
FN:9,(anonymous_0)
FN:19,(anonymous_1)
FNF:2
FNH:0
FNDA:0,(anonymous_0)
FNDA:0,(anonymous_1)
DA:9,1
DA:10,0
DA:15,1
DA:19,1
DA:20,0
LF:5
LH:3
BRDA:11,0,0,0
BRDA:11,0,1,0
BRF:2
BRH:0
end_of_record
TN:
SF:src/components/show-more-button/show-more-button.jsx
FN:4,(anonymous_0)
FNF:1
FNH:1
FNDA:2,(anonymous_0)
DA:4,5
DA:5,2
DA:6,2
DA:19,5
LF:4
LH:4
BRF:0
BRH:0
end_of_record
TN:
SF:src/components/sign-in/sign-in.jsx
FN:10,(anonymous_0)
FN:19,(anonymous_1)
FN:28,(anonymous_2)
FN:40,(anonymous_3)
FN:122,(anonymous_4)
FNF:5
FNH:3
FNDA:1,(anonymous_0)
FNDA:0,(anonymous_1)
FNDA:0,(anonymous_2)
FNDA:1,(anonymous_3)
FNDA:1,(anonymous_4)
DA:11,1
DA:13,1
DA:14,1
DA:16,1
DA:20,0
DA:22,0
DA:23,0
DA:25,0
DA:29,0
DA:31,0
DA:41,1
DA:43,1
DA:44,0
DA:47,1
DA:116,2
DA:122,2
DA:123,1
DA:124,1
DA:126,1
DA:132,2
LF:20
LH:13
BRDA:43,0,0,0
BRDA:43,0,1,1
BRDA:67,1,0,0
BRDA:67,1,1,1
BRF:4
BRH:2
end_of_record
TN:
SF:src/components/small-movie-card/small-movie-card.jsx
FN:6,(anonymous_0)
FN:9,(anonymous_1)
FNF:2
FNH:2
FNDA:11,(anonymous_0)
FNDA:1,(anonymous_1)
DA:6,8
DA:7,11
DA:9,11
DA:10,1
DA:11,1
DA:14,11
DA:43,8
LF:7
LH:7
BRF:0
BRH:0
end_of_record
TN:
SF:src/components/small-movie-card-list/small-movie-card-list.jsx
FN:9,(anonymous_0)
FN:15,(anonymous_1)
FNF:2
FNH:2
FNDA:5,(anonymous_0)
FNDA:8,(anonymous_1)
DA:7,6
DA:9,6
DA:10,5
DA:12,5
DA:16,8
DA:26,6
LF:6
LH:6
BRF:0
BRH:0
end_of_record
TN:
SF:src/components/user-block/user-block.jsx
FN:10,(anonymous_0)
FN:14,(anonymous_1)
FN:28,(anonymous_2)
FN:39,(anonymous_3)
FN:55,(anonymous_4)
FNF:5
FNH:4
FNDA:6,(anonymous_0)
FNDA:0,(anonymous_1)
FNDA:6,(anonymous_2)
FNDA:6,(anonymous_3)
FNDA:6,(anonymous_4)
DA:11,6
DA:15,0
DA:17,0
DA:29,6
DA:40,6
DA:42,6
DA:50,7
DA:55,7
DA:56,6
DA:57,6
DA:59,6
LF:11
LH:9
BRDA:44,0,0,0
BRDA:44,0,1,6
BRF:2
BRH:1
end_of_record
TN:
SF:src/components/video-player/video-player.jsx
FN:5,(anonymous_0)
FN:11,(anonymous_1)
FN:23,(anonymous_2)
FN:34,(anonymous_3)
FN:41,(anonymous_4)
FNF:5
FNH:3
FNDA:14,(anonymous_0)
FNDA:14,(anonymous_1)
FNDA:0,(anonymous_2)
FNDA:0,(anonymous_3)
FNDA:14,(anonymous_4)
DA:6,14
DA:8,14
DA:12,14
DA:13,14
DA:15,14
DA:16,14
DA:19,14
DA:20,14
DA:24,0
DA:25,0
DA:27,0
DA:28,0
DA:30,0
DA:35,0
DA:37,0
DA:38,0
DA:42,14
DA:53,10
LF:18
LH:10
BRDA:15,0,0,14
BRDA:15,0,1,0
BRDA:27,1,0,0
BRDA:27,1,1,0
BRF:4
BRH:1
end_of_record
TN:
SF:src/components/video-player-full/video-player-full.jsx
FN:4,(anonymous_0)
FNF:1
FNH:1
FNDA:1,(anonymous_0)
DA:4,2
DA:5,1
DA:7,1
DA:62,2
LF:4
LH:4
BRF:0
BRH:0
end_of_record
TN:
SF:src/hocs/with-active-item/with-active-item.js
FN:4,(anonymous_0)
FN:6,(anonymous_1)
FN:16,(anonymous_2)
FN:26,(anonymous_3)
FNF:4
FNH:4
FNDA:8,(anonymous_0)
FNDA:5,(anonymous_1)
FNDA:1,(anonymous_2)
FNDA:6,(anonymous_3)
DA:4,5
DA:7,5
DA:9,5
DA:13,5
DA:17,1
DA:21,1
DA:22,1
DA:27,6
DA:37,8
DA:41,8
LF:10
LH:10
BRDA:4,0,0,6
BRDA:21,1,0,1
BRDA:21,1,1,0
BRF:3
BRH:2
end_of_record
TN:
SF:src/hocs/with-add-review/with-add-review.js
FN:8,(anonymous_0)
FN:10,(anonymous_1)
FN:23,(anonymous_2)
FN:29,(anonymous_3)
FN:35,(anonymous_4)
FN:45,(anonymous_5)
FN:73,(anonymous_6)
FNF:7
FNH:1
FNDA:1,(anonymous_0)
FNDA:0,(anonymous_1)
FNDA:0,(anonymous_2)
FNDA:0,(anonymous_3)
FNDA:0,(anonymous_4)
FNDA:0,(anonymous_5)
FNDA:0,(anonymous_6)
DA:8,1
DA:11,0
DA:13,0
DA:18,0
DA:19,0
DA:20,0
DA:24,0
DA:30,0
DA:36,0
DA:38,0
DA:46,0
DA:58,1
DA:73,1
DA:74,0
DA:75,0
DA:76,0
DA:78,0
DA:85,1
DA:89,1
LF:19
LH:5
BRF:0
BRH:0
end_of_record
TN:
SF:src/hocs/with-full-video-player/with-full-video-player.js
FN:7,(anonymous_0)
FN:9,(anonymous_1)
FN:24,(anonymous_2)
FN:31,(anonymous_3)
FN:40,(anonymous_4)
FN:51,(anonymous_5)
FN:62,(anonymous_6)
FN:68,(anonymous_7)
FN:73,(anonymous_8)
FN:79,(anonymous_9)
FN:116,(anonymous_10)
FNF:11
FNH:1
FNDA:1,(anonymous_0)
FNDA:0,(anonymous_1)
FNDA:0,(anonymous_2)
FNDA:0,(anonymous_3)
FNDA:0,(anonymous_4)
FNDA:0,(anonymous_5)
FNDA:0,(anonymous_6)
FNDA:0,(anonymous_7)
FNDA:0,(anonymous_8)
FNDA:0,(anonymous_9)
FNDA:0,(anonymous_10)
DA:7,1
DA:10,0
DA:12,0
DA:14,0
DA:19,0
DA:20,0
DA:21,0
DA:25,0
DA:26,0
DA:28,0
DA:29,0
DA:31,0
DA:32,0
DA:37,0
DA:41,0
DA:42,0
DA:44,0
DA:45,0
DA:47,0
DA:52,0
DA:54,0
DA:55,0
DA:56,0
DA:57,0
DA:58,0
DA:59,0
DA:63,0
DA:69,0
DA:70,0
DA:74,0
DA:75,0
DA:80,0
DA:81,0
DA:82,0
DA:83,0
DA:85,0
DA:104,1
DA:116,1
DA:117,0
DA:119,0
DA:124,1
LF:41
LH:4
BRDA:44,0,0,0
BRDA:44,0,1,0
BRDA:74,1,0,0
BRDA:74,1,1,0
BRDA:74,2,0,0
BRDA:74,2,1,0
BRDA:74,2,2,0
BRDA:81,3,0,0
BRDA:81,3,1,0
BRDA:82,4,0,0
BRDA:82,4,1,0
BRDA:83,5,0,0
BRDA:83,5,1,0
BRF:13
BRH:0
end_of_record
TN:
SF:src/hocs/with-video-play/with-video-play.js
FN:3,(anonymous_0)
FN:5,(anonymous_1)
FN:18,(anonymous_2)
FN:24,(anonymous_3)
FN:25,(anonymous_4)
FN:31,(anonymous_5)
FN:39,(anonymous_6)
FNF:7
FNH:5
FNDA:7,(anonymous_0)
FNDA:9,(anonymous_1)
FNDA:0,(anonymous_2)
FNDA:1,(anonymous_3)
FNDA:1,(anonymous_4)
FNDA:0,(anonymous_5)
FNDA:10,(anonymous_6)
DA:3,7
DA:6,9
DA:8,9
DA:10,9
DA:14,9
DA:15,9
DA:19,0
DA:20,0
DA:25,1
DA:26,1
DA:32,0
DA:34,0
DA:40,10
DA:51,7
DA:53,7
LF:15
LH:11
BRDA:19,0,0,0
BRDA:19,0,1,0
BRF:2
BRH:0
end_of_record
TN:
SF:src/mocks/films.js
FNF:0
FNH:0
DA:1,1
LF:1
LH:1
BRF:0
BRH:0
end_of_record
TN:
SF:src/reducer/name-space.js
FNF:0
FNH:0
DA:1,9
LF:1
LH:1
BRF:0
BRH:0
end_of_record
TN:
SF:src/reducer/app/app.js
FN:15,(anonymous_0)
FN:21,(anonymous_1)
FN:26,(anonymous_2)
FN:33,(anonymous_3)
FNF:4
FNH:4
FNDA:1,(anonymous_0)
FNDA:1,(anonymous_1)
FNDA:1,(anonymous_2)
FNDA:4,(anonymous_3)
DA:3,4
DA:8,4
DA:14,4
DA:16,1
DA:22,1
DA:27,1
DA:33,4
DA:34,4
DA:36,1
DA:41,1
DA:47,1
DA:53,1
DA:59,0
DA:65,0
LF:14
LH:12
BRDA:33,0,0,1
BRDA:34,1,0,1
BRDA:34,1,1,1
BRDA:34,1,2,1
BRDA:34,1,3,1
BRDA:34,1,4,0
BRDA:34,1,5,0
BRF:7
BRH:5
end_of_record
TN:
SF:src/reducer/app/selectors.js
FN:3,(anonymous_0)
FN:7,(anonymous_1)
FNF:2
FNH:2
FNDA:2,(anonymous_0)
FNDA:1,(anonymous_1)
DA:3,5
DA:4,2
DA:7,5
DA:8,1
LF:4
LH:4
BRF:0
BRH:0
end_of_record
TN:
SF:src/reducer/comments/comments.js
FN:17,(anonymous_0)
FN:23,(anonymous_1)
FN:29,(anonymous_2)
FN:38,(anonymous_3)
FN:38,(anonymous_4)
FN:40,(anonymous_5)
FN:44,(anonymous_6)
FN:48,(anonymous_7)
FN:48,(anonymous_8)
FN:50,(anonymous_9)
FN:54,(anonymous_10)
FN:58,(anonymous_11)
FNF:12
FNH:10
FNDA:2,(anonymous_0)
FNDA:1,(anonymous_1)
FNDA:2,(anonymous_2)
FNDA:1,(anonymous_3)
FNDA:1,(anonymous_4)
FNDA:1,(anonymous_5)
FNDA:0,(anonymous_6)
FNDA:1,(anonymous_7)
FNDA:1,(anonymous_8)
FNDA:1,(anonymous_9)
FNDA:0,(anonymous_10)
FNDA:4,(anonymous_11)
DA:4,3
DA:10,3
DA:16,3
DA:18,2
DA:24,1
DA:30,2
DA:37,3
DA:38,1
DA:39,1
DA:41,1
DA:42,1
DA:45,0
DA:48,1
DA:49,1
DA:51,1
DA:52,1
DA:58,3
DA:59,4
DA:61,1
DA:65,1
DA:69,1
DA:73,1
LF:22
LH:21
BRDA:58,0,0,1
BRDA:59,1,0,1
BRDA:59,1,1,1
BRDA:59,1,2,1
BRDA:59,1,3,1
BRF:5
BRH:5
end_of_record
TN:
SF:src/reducer/comments/selectors.js
FN:3,(anonymous_0)
FN:7,(anonymous_1)
FN:11,(anonymous_2)
FNF:3
FNH:0
FNDA:0,(anonymous_0)
FNDA:0,(anonymous_1)
FNDA:0,(anonymous_2)
DA:3,2
DA:4,0
DA:7,2
DA:8,0
DA:11,2
DA:12,0
LF:6
LH:3
BRF:0
BRH:0
end_of_record
TN:
SF:src/reducer/data/data.js
FN:25,(anonymous_0)
FN:31,(anonymous_1)
FN:37,(anonymous_2)
FN:43,(anonymous_3)
FN:52,(anonymous_4)
FN:58,(anonymous_5)
FN:64,(anonymous_6)
FN:73,(anonymous_7)
FN:73,(anonymous_8)
FN:75,(anonymous_9)
FN:80,(anonymous_10)
FN:82,(anonymous_11)
FN:82,(anonymous_12)
FN:84,(anonymous_13)
FN:89,(anonymous_14)
FN:91,(anonymous_15)
FN:91,(anonymous_16)
FN:93,(anonymous_17)
FN:98,(anonymous_18)
FN:100,(anonymous_19)
FN:100,(anonymous_20)
FN:102,(anonymous_21)
FN:112,(anonymous_22)
FN:116,(anonymous_23)
FN:131,(anonymous_24)
FNF:25
FNH:21
FNDA:2,(anonymous_0)
FNDA:2,(anonymous_1)
FNDA:3,(anonymous_2)
FNDA:2,(anonymous_3)
FNDA:2,(anonymous_4)
FNDA:2,(anonymous_5)
FNDA:2,(anonymous_6)
FNDA:1,(anonymous_7)
FNDA:1,(anonymous_8)
FNDA:1,(anonymous_9)
FNDA:0,(anonymous_10)
FNDA:1,(anonymous_11)
FNDA:1,(anonymous_12)
FNDA:1,(anonymous_13)
FNDA:0,(anonymous_14)
FNDA:1,(anonymous_15)
FNDA:1,(anonymous_16)
FNDA:1,(anonymous_17)
FNDA:0,(anonymous_18)
FNDA:1,(anonymous_19)
FNDA:1,(anonymous_20)
FNDA:1,(anonymous_21)
FNDA:0,(anonymous_22)
FNDA:8,(anonymous_23)
FNDA:1,(anonymous_24)
DA:5,6
DA:14,6
DA:24,6
DA:26,2
DA:32,2
DA:38,3
DA:44,2
DA:53,2
DA:59,2
DA:65,2
DA:72,6
DA:73,1
DA:74,1
DA:76,1
DA:77,1
DA:78,1
DA:82,1
DA:83,1
DA:85,1
DA:86,1
DA:87,1
DA:91,1
DA:92,1
DA:94,1
DA:95,1
DA:96,1
DA:100,1
DA:101,1
DA:103,1
DA:104,1
DA:106,1
DA:108,1
DA:109,1
DA:116,6
DA:117,8
DA:119,1
DA:123,1
DA:127,1
DA:131,1
DA:132,1
DA:133,1
DA:135,1
DA:138,1
DA:142,1
DA:146,1
DA:150,1
DA:154,1
LF:47
LH:47
BRDA:101,0,0,1
BRDA:101,0,1,0
BRDA:108,1,0,1
BRDA:108,1,1,0
BRDA:116,2,0,1
BRDA:117,3,0,1
BRDA:117,3,1,1
BRDA:117,3,2,1
BRDA:117,3,3,1
BRDA:117,3,4,1
BRDA:117,3,5,1
BRDA:117,3,6,1
BRDA:117,3,7,1
BRDA:132,4,0,1
BRDA:132,4,1,0
BRF:15
BRH:12
end_of_record
TN:
SF:src/reducer/data/selectors.js
FN:6,(anonymous_0)
FN:10,(anonymous_1)
FN:14,(anonymous_2)
FN:19,(anonymous_3)
FN:21,(anonymous_4)
FN:22,(anonymous_5)
FN:26,(anonymous_6)
FN:33,(anonymous_7)
FN:34,(anonymous_8)
FN:45,(anonymous_9)
FN:46,(anonymous_10)
FN:52,(anonymous_11)
FN:57,(anonymous_12)
FN:61,(anonymous_13)
FNF:14
FNH:5
FNDA:2,(anonymous_0)
FNDA:0,(anonymous_1)
FNDA:0,(anonymous_2)
FNDA:0,(anonymous_3)
FNDA:0,(anonymous_4)
FNDA:0,(anonymous_5)
FNDA:1,(anonymous_6)
FNDA:1,(anonymous_7)
FNDA:0,(anonymous_8)
FNDA:1,(anonymous_9)
FNDA:0,(anonymous_10)
FNDA:1,(anonymous_11)
FNDA:0,(anonymous_12)
FNDA:0,(anonymous_13)
DA:6,5
DA:7,2
DA:10,5
DA:11,0
DA:14,5
DA:15,0
DA:18,5
DA:19,0
DA:22,0
DA:26,5
DA:27,1
DA:30,5
DA:34,1
DA:35,0
DA:36,0
DA:38,0
DA:43,5
DA:46,1
DA:50,5
DA:53,1
DA:57,5
DA:58,0
DA:61,5
DA:62,0
LF:24
LH:15
BRDA:35,0,0,0
BRDA:35,0,1,0
BRF:2
BRH:0
end_of_record
TN:
SF:src/reducer/user/selectors.js
FN:3,(anonymous_0)
FN:7,(anonymous_1)
FN:11,(anonymous_2)
FN:15,(anonymous_3)
FNF:4
FNH:3
FNDA:7,(anonymous_0)
FNDA:6,(anonymous_1)
FNDA:1,(anonymous_2)
FNDA:0,(anonymous_3)
DA:3,8
DA:4,7
DA:7,8
DA:8,6
DA:11,8
DA:12,1
DA:15,8
DA:16,0
LF:8
LH:7
BRF:0
BRH:0
end_of_record
TN:
SF:src/reducer/user/user.js
FN:26,(anonymous_0)
FN:32,(anonymous_1)
FN:38,(anonymous_2)
FN:44,(anonymous_3)
FN:53,(anonymous_4)
FN:53,(anonymous_5)
FN:55,(anonymous_6)
FN:60,(anonymous_7)
FN:64,(anonymous_8)
FN:64,(anonymous_9)
FN:69,(anonymous_10)
FN:73,(anonymous_11)
FN:79,(anonymous_12)
FNF:13
FNH:12
FNDA:3,(anonymous_0)
FNDA:3,(anonymous_1)
FNDA:2,(anonymous_2)
FNDA:2,(anonymous_3)
FNDA:1,(anonymous_4)
FNDA:1,(anonymous_5)
FNDA:1,(anonymous_6)
FNDA:0,(anonymous_7)
FNDA:2,(anonymous_8)
FNDA:2,(anonymous_9)
FNDA:1,(anonymous_10)
FNDA:1,(anonymous_11)
FNDA:5,(anonymous_12)
DA:4,9
DA:9,9
DA:11,9
DA:18,9
DA:25,9
DA:27,3
DA:33,3
DA:39,2
DA:45,2
DA:52,9
DA:53,1
DA:54,1
DA:56,1
DA:57,1
DA:58,1
DA:61,0
DA:64,2
DA:65,2
DA:70,1
DA:71,1
DA:74,1
DA:79,9
DA:80,5
DA:82,1
DA:86,1
DA:90,1
DA:94,1
DA:98,1
LF:28
LH:27
BRDA:79,0,0,1
BRDA:80,1,0,1
BRDA:80,1,1,1
BRDA:80,1,2,1
BRDA:80,1,3,1
BRDA:80,1,4,1
BRF:6
BRH:6
end_of_record
TN:
SF:src/utils/utils.js
FN:43,(anonymous_0)
FN:60,(anonymous_1)
FN:68,(anonymous_2)
FN:72,(anonymous_3)
FNF:4
FNH:4
FNDA:3,(anonymous_0)
FNDA:1,(anonymous_1)
FNDA:18,(anonymous_2)
FNDA:1,(anonymous_3)
DA:3,17
DA:5,17
DA:7,17
DA:9,17
DA:11,17
DA:13,17
DA:15,17
DA:17,17
DA:25,17
DA:30,17
DA:34,17
DA:43,17
DA:44,3
DA:45,0
DA:47,3
DA:48,0
DA:50,3
DA:51,2
DA:53,1
DA:54,1
DA:57,0
DA:60,17
DA:61,1
DA:62,1
DA:63,1
DA:65,1
DA:68,17
DA:69,18
DA:72,17
DA:73,1
LF:30
LH:27
BRDA:44,0,0,0
BRDA:44,0,1,3
BRDA:47,1,0,0
BRDA:47,1,1,3
BRDA:47,2,0,3
BRDA:47,2,1,3
BRDA:50,3,0,2
BRDA:50,3,1,1
BRDA:50,4,0,3
BRDA:50,4,1,3
BRDA:53,5,0,1
BRDA:53,5,1,0
BRDA:53,6,0,1
BRDA:53,6,1,1
BRF:14
BRH:11
end_of_record
